#
# A fatal error has been detected by the Java Runtime Environment:
#
#  SIGSEGV (0xb) at pc=0x0000000000000000, pid=53028, tid=30139
#
# JRE version: OpenJDK Runtime Environment (17.0.1+12) (build 17.0.1+12-39)
# Java VM: OpenJDK 64-Bit Server VM (17.0.1+12-39, mixed mode, sharing, tiered, compressed oops, compressed class ptrs, g1 gc, bsd-amd64)
# Problematic frame:
# C  0x0000000000000000
#
# No core dump will be written. Core dumps have been disabled. To enable core dumping, try "ulimit -c unlimited" before starting Java again
#
# If you would like to submit a bug report, please visit:
#   https://bugreport.java.com/bugreport/crash.jsp
#

---------------  S U M M A R Y ------------

Command Line: -ea -Didea.test.cyclic.buffer.size=1048576 -javaagent:/Applications/IntelliJ IDEA.app/Contents/lib/idea_rt.jar=60117:/Applications/IntelliJ IDEA.app/Contents/bin -agentpath:/private/var/folders/kj/x9h96n0s5v1fj28ttx945v840000gq/T/libasyncProfiler.so=start,jfr,event=cpu,interval=1ms,event=alloc,file=/Users/anlcan/DaySix_testSample_2022_01_08_173339.jfr -Dfile.encoding=UTF-8 com.intellij.rt.junit.JUnitStarter -ideVersion5 -junit5 com.acb.advent2021.DaySix,testSample

Host: "MacBookAir10,1" x86_64 (EMULATED) 2400 MHz, 8 cores, 16G, Darwin 21.1.0, macOS 12.0.1 (21A559)
Time: Sat Jan  8 17:33:41 2022 CET elapsed time: 1.993251 seconds (0d 0h 0m 1s)

---------------  T H R E A D  ---------------

Current thread (0x00007fed6715ea00):  JavaThread "ForkJoinPool.commonPool-worker-1" daemon [_thread_in_vm, id=30139, stack(0x000000030db96000,0x000000030dc96000)]

Stack: [0x000000030db96000,0x000000030dc96000],  sp=0x000000030dc94228,  free space=1016k
Java frames: (J=compiled Java code, j=interpreted, Vv=VM code)
v  ~RuntimeStub::fast_new_instance Runtime1 stub
J 1157 c1 java.util.stream.ReduceOps$10.makeSink()Ljava/util/stream/ReduceOps$8ReducingSink; java.base@17.0.1 (16 bytes) @ 0x0000000117f9df5d [0x0000000117f9ddc0+0x000000000000019d]
J 1156 c1 java.util.stream.ReduceOps$10.makeSink()Ljava/util/stream/ReduceOps$AccumulatingSink; java.base@17.0.1 (5 bytes) @ 0x0000000117f9d1c4 [0x0000000117f9d140+0x0000000000000084]
J 1181 c1 java.util.stream.AbstractTask.compute()V java.base@17.0.1 (141 bytes) @ 0x0000000117fab48c [0x0000000117faaac0+0x00000000000009cc]
J 1138 c1 java.util.concurrent.ForkJoinTask.doExec()I java.base@17.0.1 (37 bytes) @ 0x0000000117f956d4 [0x0000000117f95540+0x0000000000000194]
J 1166 c1 java.util.concurrent.ForkJoinTask.invoke()Ljava/lang/Object; java.base@17.0.1 (36 bytes) @ 0x0000000117faf21c [0x0000000117faf1a0+0x000000000000007c]
J 1207 c1 java.util.stream.ReduceOps$ReduceOp.evaluateParallel(Ljava/util/stream/PipelineHelper;Ljava/util/Spliterator;)Ljava/lang/Object; java.base@17.0.1 (22 bytes) @ 0x0000000117fca21c [0x0000000117fc9f80+0x000000000000029c]
J 1123 c1 java.util.stream.AbstractPipeline.evaluate(Ljava/util/stream/TerminalOp;)Ljava/lang/Object; java.base@17.0.1 (94 bytes) @ 0x0000000117f8b784 [0x0000000117f8b4c0+0x00000000000002c4]
J 1147 c1 daySix.Lantern$Swarm.size()J (32 bytes) @ 0x0000000117f9c05c [0x0000000117f9ba40+0x000000000000061c]
J 1211 c1 java.util.stream.ReferencePipeline$5$1.accept(Ljava/lang/Object;)V java.base@17.0.1 (23 bytes) @ 0x0000000117fce3e4 [0x0000000117fce1e0+0x0000000000000204]
J 1129 c1 java.util.ArrayList$ArrayListSpliterator.forEachRemaining(Ljava/util/function/Consumer;)V java.base@17.0.1 (127 bytes) @ 0x0000000117f8d624 [0x0000000117f8d380+0x00000000000002a4]
J 1252 c2 java.util.stream.AbstractPipeline.copyInto(Ljava/util/stream/Sink;Ljava/util/Spliterator;)V java.base@17.0.1 (54 bytes) @ 0x000000011f2da3bc [0x000000011f2d8f60+0x000000000000145c]
J 1102 c1 java.util.stream.AbstractPipeline.wrapAndCopyInto(Ljava/util/stream/Sink;Ljava/util/Spliterator;)Ljava/util/stream/Sink; java.base@17.0.1 (18 bytes) @ 0x0000000117f813c4 [0x0000000117f81180+0x0000000000000244]
J 1181 c1 java.util.stream.AbstractTask.compute()V java.base@17.0.1 (141 bytes) @ 0x0000000117fab55c [0x0000000117faaac0+0x0000000000000a9c]
J 1138 c1 java.util.concurrent.ForkJoinTask.doExec()I java.base@17.0.1 (37 bytes) @ 0x0000000117f956d4 [0x0000000117f95540+0x0000000000000194]
J 1166 c1 java.util.concurrent.ForkJoinTask.invoke()Ljava/lang/Object; java.base@17.0.1 (36 bytes) @ 0x0000000117faf21c [0x0000000117faf1a0+0x000000000000007c]
J 1207 c1 java.util.stream.ReduceOps$ReduceOp.evaluateParallel(Ljava/util/stream/PipelineHelper;Ljava/util/Spliterator;)Ljava/lang/Object; java.base@17.0.1 (22 bytes) @ 0x0000000117fca21c [0x0000000117fc9f80+0x000000000000029c]
J 1123 c1 java.util.stream.AbstractPipeline.evaluate(Ljava/util/stream/TerminalOp;)Ljava/lang/Object; java.base@17.0.1 (94 bytes) @ 0x0000000117f8b784 [0x0000000117f8b4c0+0x00000000000002c4]
J 1191 c1 daySix.Lantern$Swarm.tick()J (122 bytes) @ 0x0000000117fbd034 [0x0000000117fbbf60+0x00000000000010d4]
J 1204 c1 daySix.Lantern$Swarm$$Lambda$347+0x0000000800cac000.accept(Ljava/lang/Object;)V (8 bytes) @ 0x0000000117fcbca4 [0x0000000117fcbb40+0x0000000000000164]
J 1252 c2 java.util.stream.AbstractPipeline.copyInto(Ljava/util/stream/Sink;Ljava/util/Spliterator;)V java.base@17.0.1 (54 bytes) @ 0x000000011f2d9110 [0x000000011f2d8f60+0x00000000000001b0]
J 1203 c1 java.util.stream.ForEachOps$ForEachTask.compute()V java.base@17.0.1 (183 bytes) @ 0x0000000117fc7634 [0x0000000117fc6380+0x00000000000012b4]
J 1138 c1 java.util.concurrent.ForkJoinTask.doExec()I java.base@17.0.1 (37 bytes) @ 0x0000000117f956d4 [0x0000000117f95540+0x0000000000000194]
J 1244 c1 java.util.concurrent.ForkJoinPool$WorkQueue.topLevelExec(Ljava/util/concurrent/ForkJoinTask;Ljava/util/concurrent/ForkJoinPool$WorkQueue;)V java.base@17.0.1 (76 bytes) @ 0x0000000117ff18ec [0x0000000117ff1820+0x00000000000000cc]
J 1131 c1 java.util.concurrent.ForkJoinPool.scan(Ljava/util/concurrent/ForkJoinPool$WorkQueue;II)I java.base@17.0.1 (235 bytes) @ 0x0000000117f91f2c [0x0000000117f911a0+0x0000000000000d8c]
j  java.util.concurrent.ForkJoinPool.runWorker(Ljava/util/concurrent/ForkJoinPool$WorkQueue;)V+53 java.base@17.0.1
j  java.util.concurrent.ForkJoinWorkerThread.run()V+31 java.base@17.0.1
v  ~StubRoutines::call_stub

siginfo: si_signo: 11 (SIGSEGV), si_code: 1 (SEGV_MAPERR), si_addr: 0x0000000000000000

Register to memory mapping:

RAX=0x000000010e505ac8: _ZN15JfrEventSetting19_jvm_event_settingsE+0 in /Users/anlcan/Library/Java/JavaVirtualMachines/openjdk-17.0.1/Contents/Home/lib/server/libjvm.dylib at 0x000000010d86a000
RBX=0x000000010e4c3a60: _ZN23CompressedKlassPointers13_narrow_klassE+0 in /Users/anlcan/Library/Java/JavaVirtualMachines/openjdk-17.0.1/Contents/Home/lib/server/libjvm.dylib at 0x000000010d86a000
RCX=0x00007fed6715ea00 is a thread
RDX=0x0 is NULL
RSP=0x000000030dc94228 is pointing into the stack for thread: 0x00007fed6715ea00
RBP=0x000000010e0692fc: _ZN12MemAllocator10Allocation17notify_allocationEv+0x17c in /Users/anlcan/Library/Java/JavaVirtualMachines/openjdk-17.0.1/Contents/Home/lib/server/libjvm.dylib at 0x000000010d86a000
RSI=0x0000000000000020 is an unknown value
RDI=0x000000010e4f4b70: _ZL21_last_allocated_bytes+0 in /Users/anlcan/Library/Java/JavaVirtualMachines/openjdk-17.0.1/Contents/Home/lib/server/libjvm.dylib at 0x000000010d86a000
R8 =0x0 is NULL
R9 =0x00007fed6715ea00 is a thread
R10=0x0000000800c791c8 is a pointer to class: 
java.util.stream.ReduceOps$10 {0x0000000800c791c8}
 - instance size:     4
 - klass size:        79
 - access:            synchronized 
 - state:             fully_initialized
 - name:              'java/util/stream/ReduceOps$10'
 - super:             'java/util/stream/ReduceOps$ReduceOp'
 - sub:               
 - arrays:            NULL
 - methods:           Array<T>(0x000000013225fec0)
 - method ordering:   Array<T>(0x000000080091a000)
 - default_methods:   Array<T>(0x0000000132260118)
 - default vtable indices:   Array<T>(0x0000000132260128)
 - local interfaces:  Array<T>(0x00000008005c3448)
 - trans. interfaces: Array<T>(0x000000080087eb18)
 - constants:         constant pool [52] {0x000000013225fc88} for 'java/util/stream/ReduceOps$10' cache=0x0000000132260138
 - class loader data:  loader data: 0x0000600001714640 of 'bootstrap'
 - source file:       'ReduceOps.java'
 - class annotations:       Array<T>(0x0000000000000000)
 - class type annotations:  Array<T>(0x0000000000000000)
 - field annotations:       Array<T>(0x0000000000000000)
 - field type annotations:  Array<T>(0x0000000000000000)
 - generic signature: 'Ljava/util/stream/ReduceOps$ReduceOp<Ljava/lang/Long;Ljava/lang/Long;Ljava/util/stream/ReduceOps$8ReducingSink;>;'
 - inner classes:     Array<T>(0x00000001322600e8)
 - nest members:     Array<T>(0x00000008005c33d8)
 - permitted subclasses:     Array<T>(0x00000008005c33d8)
 - java mirror:       a 'java/lang/Class'{0x000000070e74d490} = 'java/util/stream/ReduceOps$10'
 - vtable length      11  (start addr: 0x0000000800c79398)
 - itable length      8 (start addr: 0x0000000800c793f0)
 - ---- static fields (0 words):
 - ---- non-static fields (4 words):
 - private final 'inputShape' 'Ljava/util/stream/StreamShape;' @12 
 - final synthetic 'val$identity' 'J' @16 
 - final synthetic 'val$operator' 'Ljava/util/function/LongBinaryOperator;' @24 
 - non-static oop maps: 12-12 24-24 
R11=0x0000000800000000 is pointing into metadata
R12=0x0 is NULL
R13=0x00007fed6715ea00 is a thread
R14=0x000000030dc94260 is pointing into the stack for thread: 0x00007fed6715ea00
R15=0x00007fed6715ea00 is a thread


Registers:
RAX=0x000000010e505ac8, RBX=0x000000010e4c3a60, RCX=0x00007fed6715ea00, RDX=0x0000000000000000
RSP=0x000000030dc94228, RBP=0x000000010e0692fc, RSI=0x0000000000000020, RDI=0x000000010e4f4b70
R8 =0x0000000000000000, R9 =0x00007fed6715ea00, R10=0x0000000800c791c8, R11=0x0000000800000000
R12=0x0000000000000000, R13=0x00007fed6715ea00, R14=0x000000030dc94260, R15=0x00007fed6715ea00
RIP=0x0000000000000000, EFLAGS=0x0000000000000202, ERR=0x0000000000000004
  TRAPNO=0x000000000000000e

Top of Stack: (sp=0x000000030dc94228)
0x000000030dc94228:   000000030dc942b0 0000000000000000
0x000000030dc94238:   00007fed6715ea00 0000000010200020
0x000000030dc94248:   00007fed6715ea00 000000030dc942a0
0x000000030dc94258:   000000010e0697bf 000000030dc942b0
0x000000030dc94268:   00007fed6715ea00 000000030dc94290
0x000000030dc94278:   0000000700000000 000000000000a3da
0x000000030dc94288:   000000070f3eb600 000000070f148388
0x000000030dc94298:   00007fed6715ea00 000000030dc942e0
0x000000030dc942a8:   000000010dd4c631 000000010e4af298
0x000000030dc942b8:   00007fed6715ea00 0000000800c79640
0x000000030dc942c8:   0000000000000004 000000070f3ebe88
0x000000030dc942d8:   0000000800c79640 000000030dc94320
0x000000030dc942e8:   000000010dac3efd 000000070f3ebee8
0x000000030dc942f8:   000000070f3ebe88 0000000000000000
0x000000030dc94308:   000000011f2da21c 000000030dc94df0
0x000000030dc94318:   00007fed6715ea00 000000030dc947a0
0x000000030dc94328:   00000001178940e0 0000000100000001
0x000000030dc94338:   0000000000000000 40d97fc71c71c71d
0x000000030dc94348:   4014e38e38e38e39 0000000000000000
0x000000030dc94358:   0000000100000001 0000000100000001
0x000000030dc94368:   0000000100000001 0000000300000003
0x000000030dc94378:   0000000000000000 0000000000000000
0x000000030dc94388:   0000000000000000 0000000000000000
0x000000030dc94398:   0000000000000000 0000000000000000
0x000000030dc943a8:   0000000000000000 0000000000000000
0x000000030dc943b8:   000000070f3ead20 000000070f3ea4e0
0x000000030dc943c8:   0000000117f956d4 000000070f3ea620
0x000000030dc943d8:   0000000117fbd034 000000070f3ea4e0
0x000000030dc943e8:   0000000117faf4cc 000000030dc94470
0x000000030dc943f8:   000000010ca14ba2 00000000000f4240
0x000000030dc94408:   000000070f3eb558 000000030dc94488
0x000000030dc94418:   0000000000000000 0000000000000000 

Instructions: (pc=0x0000000000000000)
0xffffffffffffff00:   


Stack slot to memory mapping:
stack at sp + 0 slots: 0x000000030dc942b0 is pointing into the stack for thread: 0x00007fed6715ea00
stack at sp + 1 slots: 0x0 is NULL
stack at sp + 2 slots: 0x00007fed6715ea00 is a thread
stack at sp + 3 slots: 0x0000000010200020 is an unknown value
stack at sp + 4 slots: 0x00007fed6715ea00 is a thread
stack at sp + 5 slots: 0x000000030dc942a0 is pointing into the stack for thread: 0x00007fed6715ea00
stack at sp + 6 slots: 0x000000010e0697bf: _ZNK12MemAllocator8allocateEv+0xef in /Users/anlcan/Library/Java/JavaVirtualMachines/openjdk-17.0.1/Contents/Home/lib/server/libjvm.dylib at 0x000000010d86a000
stack at sp + 7 slots: 0x000000030dc942b0 is pointing into the stack for thread: 0x00007fed6715ea00


---------------  P R O C E S S  ---------------

Threads class SMR info:
_java_thread_list=0x0000600002c7c1e0, length=21, elements={
0x00007fed47008a00, 0x00007fed47808200, 0x00007fed67008600, 0x00007fed6800d400,
0x00007fed66010800, 0x00007fed6600b600, 0x00007fed66010e00, 0x00007fed66011400,
0x00007fed66011a00, 0x00007fed66012000, 0x00007fed6700fc00, 0x00007fed6631c400,
0x00007fed66323e00, 0x00007fed6631e800, 0x00007fed6715ea00, 0x00007fed4601a800,
0x00007fed688e7000, 0x00007fed68923e00, 0x00007fed68011800, 0x00007fed66014200,
0x00007fed67821600
}

Java Threads: ( => current thread )
  0x00007fed47008a00 JavaThread "main" [_thread_blocked, id=9475, stack(0x000000030c543000,0x000000030c643000)]
  0x00007fed47808200 JavaThread "Reference Handler" daemon [_thread_blocked, id=43335, stack(0x000000030cc58000,0x000000030cd58000)]
  0x00007fed67008600 JavaThread "Finalizer" daemon [_thread_blocked, id=42499, stack(0x000000030cd5b000,0x000000030ce5b000)]
  0x00007fed6800d400 JavaThread "Signal Dispatcher" daemon [_thread_blocked, id=40451, stack(0x000000030cf6f000,0x000000030d06f000)]
  0x00007fed66010800 JavaThread "Service Thread" daemon [_thread_blocked, id=24579, stack(0x000000030d072000,0x000000030d172000)]
  0x00007fed6600b600 JavaThread "Monitor Deflation Thread" daemon [_thread_blocked, id=25091, stack(0x000000030d175000,0x000000030d275000)]
  0x00007fed66010e00 JavaThread "C2 CompilerThread0" daemon [_thread_in_native, id=39171, stack(0x000000030d278000,0x000000030d378000)]
  0x00007fed66011400 JavaThread "C1 CompilerThread0" daemon [_thread_blocked, id=38659, stack(0x000000030d37b000,0x000000030d47b000)]
  0x00007fed66011a00 JavaThread "Sweeper thread" daemon [_thread_blocked, id=38147, stack(0x000000030d47e000,0x000000030d57e000)]
  0x00007fed66012000 JavaThread "Common-Cleaner" daemon [_thread_blocked, id=25915, stack(0x000000030d581000,0x000000030d681000)]
  0x00007fed6700fc00 JavaThread "Monitor Ctrl-Break" daemon [_thread_in_native, id=37051, stack(0x000000030d684000,0x000000030d784000)]
  0x00007fed6631c400 JavaThread "Async-profiler Timer" daemon [_thread_in_native, id=27199, stack(0x000000030d787000,0x000000030d807000)]
  0x00007fed66323e00 JavaThread "Notification Thread" daemon [_thread_blocked, id=35603, stack(0x000000030d88d000,0x000000030d98d000)]
  0x00007fed6631e800 JavaThread "Attach Listener" daemon [_thread_blocked, id=29063, stack(0x000000030da93000,0x000000030db93000)]
=>0x00007fed6715ea00 JavaThread "ForkJoinPool.commonPool-worker-1" daemon [_thread_in_vm, id=30139, stack(0x000000030db96000,0x000000030dc96000)]
  0x00007fed4601a800 JavaThread "ForkJoinPool.commonPool-worker-2" daemon [_thread_in_vm, id=33823, stack(0x000000030dc99000,0x000000030dd99000)]
  0x00007fed688e7000 JavaThread "ForkJoinPool.commonPool-worker-3" daemon [_thread_blocked, id=33299, stack(0x000000030dd9c000,0x000000030de9c000)]
  0x00007fed68923e00 JavaThread "ForkJoinPool.commonPool-worker-4" daemon [_thread_in_vm, id=33259, stack(0x000000030de9f000,0x000000030df9f000)]
  0x00007fed68011800 JavaThread "ForkJoinPool.commonPool-worker-5" daemon [_thread_blocked, id=32515, stack(0x000000030dfa2000,0x000000030e0a2000)]
  0x00007fed66014200 JavaThread "ForkJoinPool.commonPool-worker-6" daemon [_thread_in_vm, id=31775, stack(0x000000030e0a5000,0x000000030e1a5000)]
  0x00007fed67821600 JavaThread "ForkJoinPool.commonPool-worker-7" daemon [_thread_blocked, id=43551, stack(0x000000030e1a8000,0x000000030e2a8000)]

Other Threads:
  0x00007fed6690a860 VMThread "VM Thread" [stack: 0x000000030cb55000,0x000000030cc55000] [id=22019]
  0x00007fed66911830 WatcherThread [stack: 0x000000030d990000,0x000000030da90000] [id=28435]
  0x00007fed66906f40 GCTaskThread "GC Thread#0" [stack: 0x000000030c646000,0x000000030c746000] [id=19203]
  0x00007fed65fb10b0 GCTaskThread "GC Thread#1" [stack: 0x000000030e2ab000,0x000000030e3ab000] [id=86895]
  0x00007fed6691fe40 GCTaskThread "GC Thread#2" [stack: 0x000000030e3ae000,0x000000030e4ae000] [id=86531]
  0x00007fed669200e0 GCTaskThread "GC Thread#3" [stack: 0x000000030e4b1000,0x000000030e5b1000] [id=86019]
  0x00007fed66920940 GCTaskThread "GC Thread#4" [stack: 0x000000030e5b4000,0x000000030e6b4000] [id=85507]
  0x00007fed66adf820 GCTaskThread "GC Thread#5" [stack: 0x000000030e6b7000,0x000000030e7b7000] [id=44803]
  0x00007fed45f04950 ConcurrentGCThread "G1 Main Marker" [stack: 0x000000030c749000,0x000000030c849000] [id=14339]
  0x00007fed669073b0 ConcurrentGCThread "G1 Conc#0" [stack: 0x000000030c84c000,0x000000030c94c000] [id=14851]
  0x00007fed66907c10 ConcurrentGCThread "G1 Refine#0" [stack: 0x000000030c94f000,0x000000030ca4f000] [id=15619]
  0x00007fed45f05310 ConcurrentGCThread "G1 Service" [stack: 0x000000030ca52000,0x000000030cb52000] [id=17923]

Threads with active compile tasks:
C2 CompilerThread0     1998 1282       4       java.util.stream.AbstractTask::compute (141 bytes)

VM state: not at safepoint (normal execution)

VM Mutex/Monitor currently owned by a thread: None

Heap address: 0x0000000700000000, size: 4096 MB, Compressed Oops mode: Zero based, Oop shift amount: 3

CDS archive(s) mapped at: [0x0000000800000000-0x0000000800bd4000-0x0000000800bd4000), size 12402688, SharedBaseAddress: 0x0000000800000000, ArchiveRelocationMode: 0.
Compressed class space mapped at: 0x0000000800c00000-0x0000000840c00000, reserved size: 1073741824
Narrow klass base: 0x0000000800000000, Narrow klass shift: 0, Narrow klass range: 0x100000000

GC Precious Log:
 CPUs: 8 total, 8 available
 Memory: 16384M
 Large Page Support: Disabled
 NUMA Support: Disabled
 Compressed Oops: Enabled (Zero based)
 Heap Region Size: 2M
 Heap Min Capacity: 8M
 Heap Initial Capacity: 256M
 Heap Max Capacity: 4G
 Pre-touch: Disabled
 Parallel Workers: 8
 Concurrent Workers: 2
 Concurrent Refinement Workers: 8
 Periodic GC: Disabled

Heap:
 garbage-first heap   total 266240K, used 22495K [0x0000000700000000, 0x0000000800000000)
  region size 2048K, 11 young (22528K), 2 survivors (4096K)
 Metaspace       used 4969K, committed 5184K, reserved 1056768K
  class space    used 630K, committed 704K, reserved 1048576K

Heap Regions: E=young(eden), S=young(survivor), O=old, HS=humongous(starts), HC=humongous(continues), CS=collection set, F=free, OA=open archive, CA=closed archive, TAMS=top-at-mark-start (previous, next)
|   0|0x0000000700000000, 0x0000000700002c00, 0x0000000700200000|  0%| O|  |TAMS 0x0000000700000000, 0x0000000700000000| Untracked 
|   1|0x0000000700200000, 0x0000000700200000, 0x0000000700400000|  0%| F|  |TAMS 0x0000000700200000, 0x0000000700200000| Untracked 
|   2|0x0000000700400000, 0x0000000700400000, 0x0000000700600000|  0%| F|  |TAMS 0x0000000700400000, 0x0000000700400000| Untracked 
|   3|0x0000000700600000, 0x0000000700600000, 0x0000000700800000|  0%| F|  |TAMS 0x0000000700600000, 0x0000000700600000| Untracked 
|   4|0x0000000700800000, 0x0000000700800000, 0x0000000700a00000|  0%| F|  |TAMS 0x0000000700800000, 0x0000000700800000| Untracked 
|   5|0x0000000700a00000, 0x0000000700a00000, 0x0000000700c00000|  0%| F|  |TAMS 0x0000000700a00000, 0x0000000700a00000| Untracked 
|   6|0x0000000700c00000, 0x0000000700c00000, 0x0000000700e00000|  0%| F|  |TAMS 0x0000000700c00000, 0x0000000700c00000| Untracked 
|   7|0x0000000700e00000, 0x0000000700e00000, 0x0000000701000000|  0%| F|  |TAMS 0x0000000700e00000, 0x0000000700e00000| Untracked 
|   8|0x0000000701000000, 0x0000000701000000, 0x0000000701200000|  0%| F|  |TAMS 0x0000000701000000, 0x0000000701000000| Untracked 
|   9|0x0000000701200000, 0x0000000701200000, 0x0000000701400000|  0%| F|  |TAMS 0x0000000701200000, 0x0000000701200000| Untracked 
|  10|0x0000000701400000, 0x0000000701400000, 0x0000000701600000|  0%| F|  |TAMS 0x0000000701400000, 0x0000000701400000| Untracked 
|  11|0x0000000701600000, 0x0000000701600000, 0x0000000701800000|  0%| F|  |TAMS 0x0000000701600000, 0x0000000701600000| Untracked 
|  12|0x0000000701800000, 0x0000000701800000, 0x0000000701a00000|  0%| F|  |TAMS 0x0000000701800000, 0x0000000701800000| Untracked 
|  13|0x0000000701a00000, 0x0000000701a00000, 0x0000000701c00000|  0%| F|  |TAMS 0x0000000701a00000, 0x0000000701a00000| Untracked 
|  14|0x0000000701c00000, 0x0000000701c00000, 0x0000000701e00000|  0%| F|  |TAMS 0x0000000701c00000, 0x0000000701c00000| Untracked 
|  15|0x0000000701e00000, 0x0000000701e00000, 0x0000000702000000|  0%| F|  |TAMS 0x0000000701e00000, 0x0000000701e00000| Untracked 
|  16|0x0000000702000000, 0x0000000702000000, 0x0000000702200000|  0%| F|  |TAMS 0x0000000702000000, 0x0000000702000000| Untracked 
|  17|0x0000000702200000, 0x0000000702200000, 0x0000000702400000|  0%| F|  |TAMS 0x0000000702200000, 0x0000000702200000| Untracked 
|  18|0x0000000702400000, 0x0000000702400000, 0x0000000702600000|  0%| F|  |TAMS 0x0000000702400000, 0x0000000702400000| Untracked 
|  19|0x0000000702600000, 0x0000000702600000, 0x0000000702800000|  0%| F|  |TAMS 0x0000000702600000, 0x0000000702600000| Untracked 
|  20|0x0000000702800000, 0x0000000702800000, 0x0000000702a00000|  0%| F|  |TAMS 0x0000000702800000, 0x0000000702800000| Untracked 
|  21|0x0000000702a00000, 0x0000000702a00000, 0x0000000702c00000|  0%| F|  |TAMS 0x0000000702a00000, 0x0000000702a00000| Untracked 
|  22|0x0000000702c00000, 0x0000000702c00000, 0x0000000702e00000|  0%| F|  |TAMS 0x0000000702c00000, 0x0000000702c00000| Untracked 
|  23|0x0000000702e00000, 0x0000000702e00000, 0x0000000703000000|  0%| F|  |TAMS 0x0000000702e00000, 0x0000000702e00000| Untracked 
|  24|0x0000000703000000, 0x0000000703000000, 0x0000000703200000|  0%| F|  |TAMS 0x0000000703000000, 0x0000000703000000| Untracked 
|  25|0x0000000703200000, 0x0000000703200000, 0x0000000703400000|  0%| F|  |TAMS 0x0000000703200000, 0x0000000703200000| Untracked 
|  26|0x0000000703400000, 0x0000000703400000, 0x0000000703600000|  0%| F|  |TAMS 0x0000000703400000, 0x0000000703400000| Untracked 
|  27|0x0000000703600000, 0x0000000703600000, 0x0000000703800000|  0%| F|  |TAMS 0x0000000703600000, 0x0000000703600000| Untracked 
|  28|0x0000000703800000, 0x0000000703800000, 0x0000000703a00000|  0%| F|  |TAMS 0x0000000703800000, 0x0000000703800000| Untracked 
|  29|0x0000000703a00000, 0x0000000703a00000, 0x0000000703c00000|  0%| F|  |TAMS 0x0000000703a00000, 0x0000000703a00000| Untracked 
|  30|0x0000000703c00000, 0x0000000703c00000, 0x0000000703e00000|  0%| F|  |TAMS 0x0000000703c00000, 0x0000000703c00000| Untracked 
|  31|0x0000000703e00000, 0x0000000703e00000, 0x0000000704000000|  0%| F|  |TAMS 0x0000000703e00000, 0x0000000703e00000| Untracked 
|  32|0x0000000704000000, 0x0000000704000000, 0x0000000704200000|  0%| F|  |TAMS 0x0000000704000000, 0x0000000704000000| Untracked 
|  33|0x0000000704200000, 0x0000000704200000, 0x0000000704400000|  0%| F|  |TAMS 0x0000000704200000, 0x0000000704200000| Untracked 
|  34|0x0000000704400000, 0x0000000704400000, 0x0000000704600000|  0%| F|  |TAMS 0x0000000704400000, 0x0000000704400000| Untracked 
|  35|0x0000000704600000, 0x0000000704600000, 0x0000000704800000|  0%| F|  |TAMS 0x0000000704600000, 0x0000000704600000| Untracked 
|  36|0x0000000704800000, 0x0000000704800000, 0x0000000704a00000|  0%| F|  |TAMS 0x0000000704800000, 0x0000000704800000| Untracked 
|  37|0x0000000704a00000, 0x0000000704a00000, 0x0000000704c00000|  0%| F|  |TAMS 0x0000000704a00000, 0x0000000704a00000| Untracked 
|  38|0x0000000704c00000, 0x0000000704c00000, 0x0000000704e00000|  0%| F|  |TAMS 0x0000000704c00000, 0x0000000704c00000| Untracked 
|  39|0x0000000704e00000, 0x0000000704e00000, 0x0000000705000000|  0%| F|  |TAMS 0x0000000704e00000, 0x0000000704e00000| Untracked 
|  40|0x0000000705000000, 0x0000000705000000, 0x0000000705200000|  0%| F|  |TAMS 0x0000000705000000, 0x0000000705000000| Untracked 
|  41|0x0000000705200000, 0x0000000705200000, 0x0000000705400000|  0%| F|  |TAMS 0x0000000705200000, 0x0000000705200000| Untracked 
|  42|0x0000000705400000, 0x0000000705400000, 0x0000000705600000|  0%| F|  |TAMS 0x0000000705400000, 0x0000000705400000| Untracked 
|  43|0x0000000705600000, 0x0000000705600000, 0x0000000705800000|  0%| F|  |TAMS 0x0000000705600000, 0x0000000705600000| Untracked 
|  44|0x0000000705800000, 0x0000000705800000, 0x0000000705a00000|  0%| F|  |TAMS 0x0000000705800000, 0x0000000705800000| Untracked 
|  45|0x0000000705a00000, 0x0000000705a00000, 0x0000000705c00000|  0%| F|  |TAMS 0x0000000705a00000, 0x0000000705a00000| Untracked 
|  46|0x0000000705c00000, 0x0000000705c00000, 0x0000000705e00000|  0%| F|  |TAMS 0x0000000705c00000, 0x0000000705c00000| Untracked 
|  47|0x0000000705e00000, 0x0000000705e00000, 0x0000000706000000|  0%| F|  |TAMS 0x0000000705e00000, 0x0000000705e00000| Untracked 
|  48|0x0000000706000000, 0x0000000706000000, 0x0000000706200000|  0%| F|  |TAMS 0x0000000706000000, 0x0000000706000000| Untracked 
|  49|0x0000000706200000, 0x0000000706200000, 0x0000000706400000|  0%| F|  |TAMS 0x0000000706200000, 0x0000000706200000| Untracked 
|  50|0x0000000706400000, 0x0000000706400000, 0x0000000706600000|  0%| F|  |TAMS 0x0000000706400000, 0x0000000706400000| Untracked 
|  51|0x0000000706600000, 0x0000000706600000, 0x0000000706800000|  0%| F|  |TAMS 0x0000000706600000, 0x0000000706600000| Untracked 
|  52|0x0000000706800000, 0x0000000706800000, 0x0000000706a00000|  0%| F|  |TAMS 0x0000000706800000, 0x0000000706800000| Untracked 
|  53|0x0000000706a00000, 0x0000000706a00000, 0x0000000706c00000|  0%| F|  |TAMS 0x0000000706a00000, 0x0000000706a00000| Untracked 
|  54|0x0000000706c00000, 0x0000000706c00000, 0x0000000706e00000|  0%| F|  |TAMS 0x0000000706c00000, 0x0000000706c00000| Untracked 
|  55|0x0000000706e00000, 0x0000000706e00000, 0x0000000707000000|  0%| F|  |TAMS 0x0000000706e00000, 0x0000000706e00000| Untracked 
|  56|0x0000000707000000, 0x0000000707000000, 0x0000000707200000|  0%| F|  |TAMS 0x0000000707000000, 0x0000000707000000| Untracked 
|  57|0x0000000707200000, 0x0000000707200000, 0x0000000707400000|  0%| F|  |TAMS 0x0000000707200000, 0x0000000707200000| Untracked 
|  58|0x0000000707400000, 0x0000000707400000, 0x0000000707600000|  0%| F|  |TAMS 0x0000000707400000, 0x0000000707400000| Untracked 
|  59|0x0000000707600000, 0x0000000707600000, 0x0000000707800000|  0%| F|  |TAMS 0x0000000707600000, 0x0000000707600000| Untracked 
|  60|0x0000000707800000, 0x0000000707800000, 0x0000000707a00000|  0%| F|  |TAMS 0x0000000707800000, 0x0000000707800000| Untracked 
|  61|0x0000000707a00000, 0x0000000707a00000, 0x0000000707c00000|  0%| F|  |TAMS 0x0000000707a00000, 0x0000000707a00000| Untracked 
|  62|0x0000000707c00000, 0x0000000707c00000, 0x0000000707e00000|  0%| F|  |TAMS 0x0000000707c00000, 0x0000000707c00000| Untracked 
|  63|0x0000000707e00000, 0x0000000707e00000, 0x0000000708000000|  0%| F|  |TAMS 0x0000000707e00000, 0x0000000707e00000| Untracked 
|  64|0x0000000708000000, 0x0000000708000000, 0x0000000708200000|  0%| F|  |TAMS 0x0000000708000000, 0x0000000708000000| Untracked 
|  65|0x0000000708200000, 0x0000000708200000, 0x0000000708400000|  0%| F|  |TAMS 0x0000000708200000, 0x0000000708200000| Untracked 
|  66|0x0000000708400000, 0x0000000708400000, 0x0000000708600000|  0%| F|  |TAMS 0x0000000708400000, 0x0000000708400000| Untracked 
|  67|0x0000000708600000, 0x0000000708600000, 0x0000000708800000|  0%| F|  |TAMS 0x0000000708600000, 0x0000000708600000| Untracked 
|  68|0x0000000708800000, 0x0000000708800000, 0x0000000708a00000|  0%| F|  |TAMS 0x0000000708800000, 0x0000000708800000| Untracked 
|  69|0x0000000708a00000, 0x0000000708a00000, 0x0000000708c00000|  0%| F|  |TAMS 0x0000000708a00000, 0x0000000708a00000| Untracked 
|  70|0x0000000708c00000, 0x0000000708c00000, 0x0000000708e00000|  0%| F|  |TAMS 0x0000000708c00000, 0x0000000708c00000| Untracked 
|  71|0x0000000708e00000, 0x0000000708e00000, 0x0000000709000000|  0%| F|  |TAMS 0x0000000708e00000, 0x0000000708e00000| Untracked 
|  72|0x0000000709000000, 0x0000000709000000, 0x0000000709200000|  0%| F|  |TAMS 0x0000000709000000, 0x0000000709000000| Untracked 
|  73|0x0000000709200000, 0x0000000709200000, 0x0000000709400000|  0%| F|  |TAMS 0x0000000709200000, 0x0000000709200000| Untracked 
|  74|0x0000000709400000, 0x0000000709400000, 0x0000000709600000|  0%| F|  |TAMS 0x0000000709400000, 0x0000000709400000| Untracked 
|  75|0x0000000709600000, 0x0000000709600000, 0x0000000709800000|  0%| F|  |TAMS 0x0000000709600000, 0x0000000709600000| Untracked 
|  76|0x0000000709800000, 0x0000000709800000, 0x0000000709a00000|  0%| F|  |TAMS 0x0000000709800000, 0x0000000709800000| Untracked 
|  77|0x0000000709a00000, 0x0000000709a00000, 0x0000000709c00000|  0%| F|  |TAMS 0x0000000709a00000, 0x0000000709a00000| Untracked 
|  78|0x0000000709c00000, 0x0000000709c00000, 0x0000000709e00000|  0%| F|  |TAMS 0x0000000709c00000, 0x0000000709c00000| Untracked 
|  79|0x0000000709e00000, 0x0000000709e00000, 0x000000070a000000|  0%| F|  |TAMS 0x0000000709e00000, 0x0000000709e00000| Untracked 
|  80|0x000000070a000000, 0x000000070a000000, 0x000000070a200000|  0%| F|  |TAMS 0x000000070a000000, 0x000000070a000000| Untracked 
|  81|0x000000070a200000, 0x000000070a200000, 0x000000070a400000|  0%| F|  |TAMS 0x000000070a200000, 0x000000070a200000| Untracked 
|  82|0x000000070a400000, 0x000000070a400000, 0x000000070a600000|  0%| F|  |TAMS 0x000000070a400000, 0x000000070a400000| Untracked 
|  83|0x000000070a600000, 0x000000070a600000, 0x000000070a800000|  0%| F|  |TAMS 0x000000070a600000, 0x000000070a600000| Untracked 
|  84|0x000000070a800000, 0x000000070a800000, 0x000000070aa00000|  0%| F|  |TAMS 0x000000070a800000, 0x000000070a800000| Untracked 
|  85|0x000000070aa00000, 0x000000070aa00000, 0x000000070ac00000|  0%| F|  |TAMS 0x000000070aa00000, 0x000000070aa00000| Untracked 
|  86|0x000000070ac00000, 0x000000070ac00000, 0x000000070ae00000|  0%| F|  |TAMS 0x000000070ac00000, 0x000000070ac00000| Untracked 
|  87|0x000000070ae00000, 0x000000070ae00000, 0x000000070b000000|  0%| F|  |TAMS 0x000000070ae00000, 0x000000070ae00000| Untracked 
|  88|0x000000070b000000, 0x000000070b000000, 0x000000070b200000|  0%| F|  |TAMS 0x000000070b000000, 0x000000070b000000| Untracked 
|  89|0x000000070b200000, 0x000000070b200000, 0x000000070b400000|  0%| F|  |TAMS 0x000000070b200000, 0x000000070b200000| Untracked 
|  90|0x000000070b400000, 0x000000070b400000, 0x000000070b600000|  0%| F|  |TAMS 0x000000070b400000, 0x000000070b400000| Untracked 
|  91|0x000000070b600000, 0x000000070b600000, 0x000000070b800000|  0%| F|  |TAMS 0x000000070b600000, 0x000000070b600000| Untracked 
|  92|0x000000070b800000, 0x000000070b800000, 0x000000070ba00000|  0%| F|  |TAMS 0x000000070b800000, 0x000000070b800000| Untracked 
|  93|0x000000070ba00000, 0x000000070ba00000, 0x000000070bc00000|  0%| F|  |TAMS 0x000000070ba00000, 0x000000070ba00000| Untracked 
|  94|0x000000070bc00000, 0x000000070bc00000, 0x000000070be00000|  0%| F|  |TAMS 0x000000070bc00000, 0x000000070bc00000| Untracked 
|  95|0x000000070be00000, 0x000000070be00000, 0x000000070c000000|  0%| F|  |TAMS 0x000000070be00000, 0x000000070be00000| Untracked 
|  96|0x000000070c000000, 0x000000070c000000, 0x000000070c200000|  0%| F|  |TAMS 0x000000070c000000, 0x000000070c000000| Untracked 
|  97|0x000000070c200000, 0x000000070c200000, 0x000000070c400000|  0%| F|  |TAMS 0x000000070c200000, 0x000000070c200000| Untracked 
|  98|0x000000070c400000, 0x000000070c400000, 0x000000070c600000|  0%| F|  |TAMS 0x000000070c400000, 0x000000070c400000| Untracked 
|  99|0x000000070c600000, 0x000000070c600000, 0x000000070c800000|  0%| F|  |TAMS 0x000000070c600000, 0x000000070c600000| Untracked 
| 100|0x000000070c800000, 0x000000070c800000, 0x000000070ca00000|  0%| F|  |TAMS 0x000000070c800000, 0x000000070c800000| Untracked 
| 101|0x000000070ca00000, 0x000000070ca00000, 0x000000070cc00000|  0%| F|  |TAMS 0x000000070ca00000, 0x000000070ca00000| Untracked 
| 102|0x000000070cc00000, 0x000000070cc00000, 0x000000070ce00000|  0%| F|  |TAMS 0x000000070cc00000, 0x000000070cc00000| Untracked 
| 103|0x000000070ce00000, 0x000000070ce00000, 0x000000070d000000|  0%| F|  |TAMS 0x000000070ce00000, 0x000000070ce00000| Untracked 
| 104|0x000000070d000000, 0x000000070d000000, 0x000000070d200000|  0%| F|  |TAMS 0x000000070d000000, 0x000000070d000000| Untracked 
| 105|0x000000070d200000, 0x000000070d200000, 0x000000070d400000|  0%| F|  |TAMS 0x000000070d200000, 0x000000070d200000| Untracked 
| 106|0x000000070d400000, 0x000000070d400000, 0x000000070d600000|  0%| F|  |TAMS 0x000000070d400000, 0x000000070d400000| Untracked 
| 107|0x000000070d600000, 0x000000070d600000, 0x000000070d800000|  0%| F|  |TAMS 0x000000070d600000, 0x000000070d600000| Untracked 
| 108|0x000000070d800000, 0x000000070d800000, 0x000000070da00000|  0%| F|  |TAMS 0x000000070d800000, 0x000000070d800000| Untracked 
| 109|0x000000070da00000, 0x000000070da00000, 0x000000070dc00000|  0%| F|  |TAMS 0x000000070da00000, 0x000000070da00000| Untracked 
| 110|0x000000070dc00000, 0x000000070dc00000, 0x000000070de00000|  0%| F|  |TAMS 0x000000070dc00000, 0x000000070dc00000| Untracked 
| 111|0x000000070de00000, 0x000000070de00000, 0x000000070e000000|  0%| F|  |TAMS 0x000000070de00000, 0x000000070de00000| Untracked 
| 112|0x000000070e000000, 0x000000070e000000, 0x000000070e200000|  0%| F|  |TAMS 0x000000070e000000, 0x000000070e000000| Untracked 
| 113|0x000000070e200000, 0x000000070e200000, 0x000000070e400000|  0%| F|  |TAMS 0x000000070e200000, 0x000000070e200000| Untracked 
| 114|0x000000070e400000, 0x000000070e400000, 0x000000070e600000|  0%| F|  |TAMS 0x000000070e400000, 0x000000070e400000| Untracked 
| 115|0x000000070e600000, 0x000000070e800000, 0x000000070e800000|100%| S|CS|TAMS 0x000000070e600000, 0x000000070e600000| Complete 
| 116|0x000000070e800000, 0x000000070ea00000, 0x000000070ea00000|100%| S|CS|TAMS 0x000000070e800000, 0x000000070e800000| Complete 
| 117|0x000000070ea00000, 0x000000070ea00000, 0x000000070ec00000|  0%| F|  |TAMS 0x000000070ea00000, 0x000000070ea00000| Untracked 
| 118|0x000000070ec00000, 0x000000070ec00000, 0x000000070ee00000|  0%| F|  |TAMS 0x000000070ec00000, 0x000000070ec00000| Untracked 
| 119|0x000000070ee00000, 0x000000070ef483a0, 0x000000070f000000| 64%| E|  |TAMS 0x000000070ee00000, 0x000000070ee00000| Complete 
| 120|0x000000070f000000, 0x000000070f200000, 0x000000070f200000|100%| E|CS|TAMS 0x000000070f000000, 0x000000070f000000| Complete 
| 121|0x000000070f200000, 0x000000070f400000, 0x000000070f400000|100%| E|CS|TAMS 0x000000070f200000, 0x000000070f200000| Complete 
| 122|0x000000070f400000, 0x000000070f600000, 0x000000070f600000|100%| E|CS|TAMS 0x000000070f400000, 0x000000070f400000| Complete 
| 123|0x000000070f600000, 0x000000070f800000, 0x000000070f800000|100%| E|CS|TAMS 0x000000070f600000, 0x000000070f600000| Complete 
| 124|0x000000070f800000, 0x000000070fa00000, 0x000000070fa00000|100%| E|CS|TAMS 0x000000070f800000, 0x000000070f800000| Complete 
| 125|0x000000070fa00000, 0x000000070fc00000, 0x000000070fc00000|100%| E|CS|TAMS 0x000000070fa00000, 0x000000070fa00000| Complete 
| 126|0x000000070fc00000, 0x000000070fe00000, 0x000000070fe00000|100%| E|CS|TAMS 0x000000070fc00000, 0x000000070fc00000| Complete 
| 127|0x000000070fe00000, 0x0000000710000000, 0x0000000710000000|100%| E|CS|TAMS 0x000000070fe00000, 0x000000070fe00000| Complete 
|2046|0x00000007ffc00000, 0x00000007ffd76000, 0x00000007ffe00000| 73%|OA|  |TAMS 0x00000007ffc00000, 0x00000007ffc00000| Untracked 
|2047|0x00000007ffe00000, 0x00000007ffe7f000, 0x0000000800000000| 24%|CA|  |TAMS 0x00000007ffe00000, 0x00000007ffe00000| Untracked 

Card table byte_map: [0x0000000126fa2000,0x00000001277a2000] _byte_map_base: 0x00000001237a2000

Marking Bits (Prev, Next): (CMBitMap*) 0x00007fed67808210, (CMBitMap*) 0x00007fed67808250
 Prev Bits: [0x0000000127fa2000, 0x000000012bfa2000)
 Next Bits: [0x000000012bfa2000, 0x000000012ffa2000)

Polling page: 0x00000001041b4000

Metaspace:

Usage:
  Non-class:      4.24 MB used.
      Class:    630.23 KB used.
       Both:      4.85 MB used.

Virtual space:
  Non-class space:        8.00 MB reserved,       4.38 MB ( 55%) committed,  1 nodes.
      Class space:        1.00 GB reserved,     704.00 KB ( <1%) committed,  1 nodes.
             Both:        1.01 GB reserved,       5.06 MB ( <1%) committed. 

Chunk freelists:
   Non-Class:  2.23 MB
       Class:  3.33 MB
        Both:  5.56 MB

MaxMetaspaceSize: unlimited
CompressedClassSpaceSize: 1.00 GB
Initial GC threshold: 21.00 MB
Current GC threshold: 21.00 MB
CDS: on
MetaspaceReclaimPolicy: balanced
 - commit_granule_bytes: 65536.
 - commit_granule_words: 8192.
 - virtual_space_node_default_size: 1048576.
 - enlarge_chunks_in_place: 1.
 - new_chunks_are_fully_committed: 0.
 - uncommit_free_chunks: 1.
 - use_allocation_guard: 0.
 - handle_deallocations: 1.


Internal statistics:

num_allocs_failed_limit: 0.
num_arena_births: 94.
num_arena_deaths: 0.
num_vsnodes_births: 2.
num_vsnodes_deaths: 0.
num_space_committed: 81.
num_space_uncommitted: 0.
num_chunks_returned_to_freelist: 0.
num_chunks_taken_from_freelist: 275.
num_chunk_merges: 0.
num_chunk_splits: 129.
num_chunks_enlarged: 67.
num_purges: 0.
num_inconsistent_stats: 0.

CodeHeap 'non-profiled nmethods': size=120028Kb used=497Kb max_used=497Kb free=119530Kb
 bounds [0x000000011f26b000, 0x000000011f4db000, 0x00000001267a2000]
CodeHeap 'profiled nmethods': size=120028Kb used=2881Kb max_used=2881Kb free=117146Kb
 bounds [0x0000000117d34000, 0x0000000118014000, 0x000000011f26b000]
CodeHeap 'non-nmethods': size=5704Kb used=1129Kb max_used=1163Kb free=4574Kb
 bounds [0x00000001177a2000, 0x0000000117a12000, 0x0000000117d34000]
 total_blobs=1687 nmethods=1267 adapters=335
 compilation: enabled
              stopped_count=0, restarted_count=0
 full_count=0

Compilation events (20 events):
Event: 1.794 Thread 0x00007fed66011400 1259   !   3       java.lang.ref.ReferenceQueue::enqueue (119 bytes)
Event: 1.797 Thread 0x00007fed66011400 nmethod 1259 0x0000000117ffb210 code [0x0000000117ffb400, 0x0000000117ffbb00]
Event: 1.803 Thread 0x00007fed66011400 1260   !   3       java.lang.ref.ReferenceQueue::remove (125 bytes)
Event: 1.804 Thread 0x00007fed66011400 nmethod 1260 0x0000000117ffbf90 code [0x0000000117ffc1c0, 0x0000000117ffc950]
Event: 1.804 Thread 0x00007fed66011400 1261   !   3       jdk.internal.ref.PhantomCleanable::isListEmpty (34 bytes)
Event: 1.804 Thread 0x00007fed66011400 nmethod 1261 0x0000000117ffcf90 code [0x0000000117ffd140, 0x0000000117ffd390]
Event: 1.843 Thread 0x00007fed66011400 1274       3       java.util.concurrent.ForkJoinPool::helpJoin (449 bytes)
Event: 1.848 Thread 0x00007fed66011400 nmethod 1274 0x0000000117ffd590 code [0x0000000117ffd900, 0x0000000117fff700]
Event: 1.848 Thread 0x00007fed66011400 1276       3       daySix.Lantern$Swarm::<init> (64 bytes)
Event: 1.849 Thread 0x00007fed66011400 nmethod 1276 0x0000000118000f10 code [0x0000000118001120, 0x00000001180019d0]
Event: 1.875 Thread 0x00007fed66011400 1288       2       jdk.internal.misc.Unsafe::putIntOpaque (9 bytes)
Event: 1.876 Thread 0x00007fed66011400 nmethod 1288 0x0000000118001e10 code [0x0000000118001fa0, 0x00000001180020b0]
Event: 1.932 Thread 0x00007fed66010e00 nmethod 1252 0x000000011f2d8a90 code [0x000000011f2d8f60, 0x000000011f2ddf38]
Event: 1.932 Thread 0x00007fed66010e00 1283       4       java.util.concurrent.CountedCompleter::tryComplete (46 bytes)
Event: 1.955 Thread 0x00007fed66011400 1301       2       java.lang.invoke.VarHandleGuards::guard_LJJ_Z (88 bytes)
Event: 1.961 Thread 0x00007fed66010e00 nmethod 1283 0x000000011f2e5f90 code [0x000000011f2e6140, 0x000000011f2e66e8]
Event: 1.961 Thread 0x00007fed66010e00 1282       4       java.util.stream.AbstractTask::compute (141 bytes)
Event: 1.965 Thread 0x00007fed66011400 nmethod 1301 0x0000000118002190 code [0x0000000118002440, 0x0000000118002e70]
Event: 1.965 Thread 0x00007fed66011400 1302       2       java.lang.invoke.VarHandleLongs$FieldInstanceReadWrite::compareAndSet (33 bytes)
Event: 1.966 Thread 0x00007fed66011400 nmethod 1302 0x0000000118003c90 code [0x0000000118003e60, 0x00000001180041c0]

GC Heap History (2 events):
Event: 1.766 GC heap before
{Heap before GC invocations=0 (full 0):
 garbage-first heap   total 266240K, used 22484K [0x0000000700000000, 0x0000000800000000)
  region size 2048K, 11 young (22528K), 0 survivors (0K)
 Metaspace       used 4961K, committed 5120K, reserved 1056768K
  class space    used 630K, committed 704K, reserved 1048576K
}
Event: 1.788 GC heap after
{Heap after GC invocations=1 (full 0):
 garbage-first heap   total 266240K, used 6111K [0x0000000700000000, 0x0000000800000000)
  region size 2048K, 2 young (4096K), 2 survivors (4096K)
 Metaspace       used 4961K, committed 5120K, reserved 1056768K
  class space    used 630K, committed 704K, reserved 1048576K
}

Deoptimization events (20 events):
Event: 1.575 Thread 0x00007fed47008a00 Uncommon trap: trap_request=0xffffff45 fr.pc=0x000000011f274328 relative=0x0000000000000088
Event: 1.575 Thread 0x00007fed47008a00 Uncommon trap: reason=unstable_if action=reinterpret pc=0x000000011f274328 method=java.lang.String.isLatin1()Z @ 10 c2
Event: 1.575 Thread 0x00007fed47008a00 DEOPT PACKING pc=0x000000011f274328 sp=0x000000030c63fc80
Event: 1.575 Thread 0x00007fed47008a00 DEOPT UNPACKING pc=0x00000001177f4093 sp=0x000000030c63fbd0 mode 2
Event: 1.971 Thread 0x00007fed47008a00 Uncommon trap: trap_request=0xffffffbe fr.pc=0x000000011f2dc700 relative=0x00000000000037a0
Event: 1.971 Thread 0x00007fed47008a00 Uncommon trap: reason=profile_predicate action=maybe_recompile pc=0x000000011f2dc700 method=java.util.stream.AbstractTask.compute()V @ 29 c2
Event: 1.972 Thread 0x00007fed47008a00 DEOPT PACKING pc=0x000000011f2dc700 sp=0x000000030c63f760
Event: 1.972 Thread 0x00007fed47008a00 DEOPT UNPACKING pc=0x00000001177f4093 sp=0x000000030c63f258 mode 2
Event: 1.980 Thread 0x00007fed47008a00 Uncommon trap: trap_request=0xffffffbe fr.pc=0x000000011f2dc700 relative=0x00000000000037a0
Event: 1.980 Thread 0x00007fed47008a00 Uncommon trap: reason=profile_predicate action=maybe_recompile pc=0x000000011f2dc700 method=java.util.stream.AbstractTask.compute()V @ 29 c2
Event: 1.980 Thread 0x00007fed47008a00 DEOPT PACKING pc=0x000000011f2dc700 sp=0x000000030c63da70
Event: 1.980 Thread 0x00007fed47008a00 DEOPT UNPACKING pc=0x00000001177f4093 sp=0x000000030c63d568 mode 2
Event: 1.981 Thread 0x00007fed47008a00 Uncommon trap: trap_request=0xffffffbe fr.pc=0x000000011f2dc700 relative=0x00000000000037a0
Event: 1.981 Thread 0x00007fed47008a00 Uncommon trap: reason=profile_predicate action=maybe_recompile pc=0x000000011f2dc700 method=java.util.stream.AbstractTask.compute()V @ 29 c2
Event: 1.981 Thread 0x00007fed47008a00 DEOPT PACKING pc=0x000000011f2dc700 sp=0x000000030c63da70
Event: 1.981 Thread 0x00007fed47008a00 DEOPT UNPACKING pc=0x00000001177f4093 sp=0x000000030c63d568 mode 2
Event: 1.984 Thread 0x00007fed47008a00 Uncommon trap: trap_request=0xffffffbe fr.pc=0x000000011f2dc700 relative=0x00000000000037a0
Event: 1.984 Thread 0x00007fed47008a00 Uncommon trap: reason=profile_predicate action=maybe_recompile pc=0x000000011f2dc700 method=java.util.stream.AbstractTask.compute()V @ 29 c2
Event: 1.984 Thread 0x00007fed47008a00 DEOPT PACKING pc=0x000000011f2dc700 sp=0x000000030c63ec00
Event: 1.984 Thread 0x00007fed47008a00 DEOPT UNPACKING pc=0x00000001177f4093 sp=0x000000030c63e6f8 mode 2

Classes unloaded (0 events):
No events

Classes redefined (0 events):
No events

Internal exceptions (20 events):
Event: 1.157 Thread 0x00007fed47008a00 Exception <a 'java/lang/NoSuchMethodError'{0x000000070f3230c0}: 'void java.lang.invoke.DirectMethodHandle$Holder.invokeInterface(java.lang.Object, java.lang.Object, java.lang.Object, java.lang.Object, java.lang.Object)'> (0x000000070f3230c0) 
thrown [open/src/hotspot/share/interpreter/linkResolver.cpp, line 766]
Event: 1.159 Thread 0x00007fed47008a00 Exception <a 'java/lang/IncompatibleClassChangeError'{0x000000070f327038}: Found class java.lang.Object, but interface was expected> (0x000000070f327038) 
thrown [open/src/hotspot/share/interpreter/linkResolver.cpp, line 833]
Event: 1.184 Thread 0x00007fed47008a00 Exception <a 'java/lang/NoSuchMethodError'{0x000000070f3d3468}: 'void java.lang.invoke.DirectMethodHandle$Holder.invokeInterface(java.lang.Object, java.lang.Object, java.lang.Object)'> (0x000000070f3d3468) 
thrown [open/src/hotspot/share/interpreter/linkResolver.cpp, line 766]
Event: 1.185 Thread 0x00007fed47008a00 Exception <a 'java/lang/IncompatibleClassChangeError'{0x000000070f3d6ad0}: Found class java.lang.Object, but interface was expected> (0x000000070f3d6ad0) 
thrown [open/src/hotspot/share/interpreter/linkResolver.cpp, line 833]
Event: 1.201 Thread 0x00007fed47008a00 Exception <a 'java/lang/NoSuchMethodError'{0x000000070f3f25d8}: 'java.lang.Object java.lang.invoke.DirectMethodHandle$Holder.invokeStatic(java.lang.Object, java.lang.Object, int)'> (0x000000070f3f25d8) 
thrown [open/src/hotspot/share/interpreter/linkResolver.cpp, line 766]
Event: 1.219 Thread 0x00007fed47008a00 Exception <a 'java/lang/NoSuchMethodError'{0x000000070f0b5ef8}: 'void java.lang.invoke.DirectMethodHandle$Holder.invokeSpecial(java.lang.Object, java.lang.Object, java.lang.Object, java.lang.Object, java.lang.Object)'> (0x000000070f0b5ef8) 
thrown [open/src/hotspot/share/interpreter/linkResolver.cpp, line 766]
Event: 1.251 Thread 0x00007fed47008a00 Exception <a 'java/lang/NoSuchMethodError'{0x000000070f102fe8}: 'void java.lang.invoke.DirectMethodHandle$Holder.invokeInterface(java.lang.Object, java.lang.Object, java.lang.Object, java.lang.Object)'> (0x000000070f102fe8) 
thrown [open/src/hotspot/share/interpreter/linkResolver.cpp, line 766]
Event: 1.253 Thread 0x00007fed47008a00 Exception <a 'java/lang/IncompatibleClassChangeError'{0x000000070f106910}: Found class java.lang.Object, but interface was expected> (0x000000070f106910) 
thrown [open/src/hotspot/share/interpreter/linkResolver.cpp, line 833]
Event: 1.258 Thread 0x00007fed47008a00 Exception <a 'java/lang/NoSuchMethodError'{0x000000070f11bf78}: 'void java.lang.invoke.DirectMethodHandle$Holder.invokeStatic(java.lang.Object, java.lang.Object, java.lang.Object, java.lang.Object)'> (0x000000070f11bf78) 
thrown [open/src/hotspot/share/interpreter/linkResolver.cpp, line 766]
Event: 1.264 Thread 0x00007fed47008a00 Exception <a 'java/lang/NoSuchMethodError'{0x000000070f132bf8}: 'java.lang.Object java.lang.invoke.DirectMethodHandle$Holder.newInvokeSpecial(java.lang.Object, java.lang.Object, int)'> (0x000000070f132bf8) 
thrown [open/src/hotspot/share/interpreter/linkResolver.cpp, line 766]
Event: 1.326 Thread 0x00007fed47008a00 Exception <a 'java/lang/NoSuchMethodError'{0x000000070f1c8be8}: 'java.lang.Object java.lang.invoke.Invokers$Holder.invokeExact_MT(java.lang.Object, java.lang.Object, java.lang.Object, java.lang.Object, java.lang.Object, java.lang.Object)'> (0x000000070f1c8be8) 
thrown [open/src/hotspot/share/interpreter/linkResolver.cpp, line 766]
Event: 1.333 Thread 0x00007fed47008a00 Exception <a 'java/lang/NoSuchMethodError'{0x000000070f1d8958}: 'int java.lang.invoke.DirectMethodHandle$Holder.invokeStatic(java.lang.Object, java.lang.Object, java.lang.Object, java.lang.Object, java.lang.Object)'> (0x000000070f1d8958) 
thrown [open/src/hotspot/share/interpreter/linkResolver.cpp, line 766]
Event: 1.366 Thread 0x00007fed47008a00 Exception <a 'java/lang/NoSuchMethodError'{0x000000070ee21990}: 'void java.lang.invoke.DirectMethodHandle$Holder.invokeStaticInit(java.lang.Object)'> (0x000000070ee21990) 
thrown [open/src/hotspot/share/interpreter/linkResolver.cpp, line 766]
Event: 1.445 Thread 0x00007fed47008a00 Exception <a 'java/lang/NoSuchMethodError'{0x000000070eefe418}: 'int java.lang.invoke.DirectMethodHandle$Holder.invokeStaticInit(java.lang.Object, java.lang.Object)'> (0x000000070eefe418) 
thrown [open/src/hotspot/share/interpreter/linkResolver.cpp, line 766]
Event: 1.533 Thread 0x00007fed47008a00 Exception <a 'java/lang/NoSuchMethodError'{0x000000070efea7e8}: 'java.lang.Object java.lang.invoke.DirectMethodHandle$Holder.newInvokeSpecial(java.lang.Object, java.lang.Object, java.lang.Object, java.lang.Object, java.lang.Object, java.lang.Object, java.lang.Object)'> (0x000000070efea7e8) 
thrown [open/src/hotspot/share/interpreter/linkResolver.cpp, line 766]
Event: 1.535 Thread 0x00007fed47008a00 Exception <a 'java/lang/NoSuchMethodError'{0x000000070efef3a0}: 'java.lang.Object java.lang.invoke.Invokers$Holder.linkToTargetMethod(java.lang.Object, java.lang.Object, java.lang.Object, java.lang.Object, java.lang.Object, java.lang.Object, java.lang.Object)'> (0x000000070efef3a0) 
thrown [open/src/hotspot/share/interpreter/linkResolver.cpp, line 766]
Event: 1.537 Thread 0x00007fed47008a00 Exception <a 'java/lang/NoSuchMethodError'{0x000000070eff5868}: 'java.lang.Object java.lang.invoke.DirectMethodHandle$Holder.invokeInterface(java.lang.Object, java.lang.Object, java.lang.Object, java.lang.Object, java.lang.Object)'> (0x000000070eff5868) 
thrown [open/src/hotspot/share/interpreter/linkResolver.cpp, line 766]
Event: 1.537 Thread 0x00007fed47008a00 Exception <a 'java/lang/IncompatibleClassChangeError'{0x000000070eff9660}: Found class java.lang.Object, but interface was expected> (0x000000070eff9660) 
thrown [open/src/hotspot/share/interpreter/linkResolver.cpp, line 833]
Event: 1.593 Thread 0x00007fed47008a00 Exception <a 'java/lang/NoSuchMethodError'{0x000000070eca6560}: 'long java.lang.invoke.DirectMethodHandle$Holder.invokeSpecial(java.lang.Object, java.lang.Object)'> (0x000000070eca6560) 
thrown [open/src/hotspot/share/interpreter/linkResolver.cpp, line 766]
Event: 1.604 Thread 0x00007fed47008a00 Exception <a 'java/lang/NoSuchMethodError'{0x000000070ece2858}: 'void java.lang.invoke.DirectMethodHandle$Holder.invokeSpecial(java.lang.Object, java.lang.Object, int)'> (0x000000070ece2858) 
thrown [open/src/hotspot/share/interpreter/linkResolver.cpp, line 766]

VM Operations (18 events):
Event: 0.141 Executing VM operation: HandshakeAllThreads
Event: 0.141 Executing VM operation: HandshakeAllThreads done
Event: 0.213 Executing VM operation: HandshakeAllThreads
Event: 0.213 Executing VM operation: HandshakeAllThreads done
Event: 0.646 Executing VM operation: HandshakeAllThreads
Event: 0.647 Executing VM operation: HandshakeAllThreads done
Event: 0.755 Executing VM operation: HandshakeAllThreads
Event: 0.755 Executing VM operation: HandshakeAllThreads done
Event: 0.833 Executing VM operation: HandshakeAllThreads
Event: 0.833 Executing VM operation: HandshakeAllThreads done
Event: 1.055 Executing VM operation: Cleanup
Event: 1.057 Executing VM operation: Cleanup done
Event: 1.543 Executing VM operation: HandshakeAllThreads
Event: 1.543 Executing VM operation: HandshakeAllThreads done
Event: 1.571 Executing VM operation: HandshakeAllThreads
Event: 1.572 Executing VM operation: HandshakeAllThreads done
Event: 1.764 Executing VM operation: G1CollectForAllocation
Event: 1.789 Executing VM operation: G1CollectForAllocation done

Events (20 events):
Event: 1.598 loading class java/util/stream/Sink$OfLong done
Event: 1.598 loading class java/util/stream/ReduceOps$8ReducingSink done
Event: 1.598 loading class java/util/stream/ReferencePipeline$5$1
Event: 1.598 loading class java/util/stream/ReferencePipeline$5$1 done
Event: 1.601 loading class java/util/stream/Streams$RangeIntSpliterator
Event: 1.601 loading class java/util/stream/Streams$RangeIntSpliterator done
Event: 1.610 Thread 0x00007fed6715ea00 Thread added: 0x00007fed6715ea00
Event: 1.610 Protecting memory [0x000000030db96000,0x000000030db9a000] with protection modes 0
Event: 1.612 Thread 0x00007fed4601a800 Thread added: 0x00007fed4601a800
Event: 1.612 Protecting memory [0x000000030dc99000,0x000000030dc9d000] with protection modes 0
Event: 1.612 Thread 0x00007fed688e7000 Thread added: 0x00007fed688e7000
Event: 1.612 Protecting memory [0x000000030dd9c000,0x000000030dda0000] with protection modes 0
Event: 1.620 Thread 0x00007fed68923e00 Thread added: 0x00007fed68923e00
Event: 1.620 Protecting memory [0x000000030de9f000,0x000000030dea3000] with protection modes 0
Event: 1.620 Thread 0x00007fed68011800 Thread added: 0x00007fed68011800
Event: 1.620 Protecting memory [0x000000030dfa2000,0x000000030dfa6000] with protection modes 0
Event: 1.622 Thread 0x00007fed66014200 Thread added: 0x00007fed66014200
Event: 1.622 Protecting memory [0x000000030e0a5000,0x000000030e0a9000] with protection modes 0
Event: 1.622 Thread 0x00007fed67821600 Thread added: 0x00007fed67821600
Event: 1.623 Protecting memory [0x000000030e1a8000,0x000000030e1ac000] with protection modes 0


Dynamic libraries:
0x000000010c7e6000 	/Users/anlcan/Library/Java/JavaVirtualMachines/openjdk-17.0.1/Contents/Home/lib/libjli.dylib
0x00007ff811da2000 	/usr/lib/libz.1.dylib
0x00007ff811e88000 	/usr/lib/libSystem.B.dylib
0x00007ff811e83000 	/usr/lib/system/libcache.dylib
0x00007ff811e3f000 	/usr/lib/system/libcommonCrypto.dylib
0x00007ff811e68000 	/usr/lib/system/libcompiler_rt.dylib
0x00007ff811e5e000 	/usr/lib/system/libcopyfile.dylib
0x00007ff8069f2000 	/usr/lib/system/libcorecrypto.dylib
0x00007ff806ab1000 	/usr/lib/system/libdispatch.dylib
0x00007ff806c73000 	/usr/lib/system/libdyld.dylib
0x00007ff811e7a000 	/usr/lib/system/libkeymgr.dylib
0x00007ff811e1d000 	/usr/lib/system/libmacho.dylib
0x00007ff8114ae000 	/usr/lib/system/libquarantine.dylib
0x00007ff811e78000 	/usr/lib/system/libremovefile.dylib
0x00007ff80baf1000 	/usr/lib/system/libsystem_asl.dylib
0x00007ff8069a0000 	/usr/lib/system/libsystem_blocks.dylib
0x00007ff806b38000 	/usr/lib/system/libsystem_c.dylib
0x00007ff811e70000 	/usr/lib/system/libsystem_collections.dylib
0x00007ff8106e4000 	/usr/lib/system/libsystem_configuration.dylib
0x00007ff80f9a4000 	/usr/lib/system/libsystem_containermanager.dylib
0x00007ff811b56000 	/usr/lib/system/libsystem_coreservices.dylib
0x00007ff8091bf000 	/usr/lib/system/libsystem_darwin.dylib
0x00007ff811e7b000 	/usr/lib/system/libsystem_dnssd.dylib
0x00007ff806b35000 	/usr/lib/system/libsystem_featureflags.dylib
0x00007ff806c89000 	/usr/lib/system/libsystem_info.dylib
0x00007ff811db5000 	/usr/lib/system/libsystem_m.dylib
0x00007ff806a85000 	/usr/lib/system/libsystem_malloc.dylib
0x00007ff80ba8e000 	/usr/lib/system/libsystem_networkextension.dylib
0x00007ff8095e7000 	/usr/lib/system/libsystem_notify.dylib
0x00007ff818075000 	/usr/lib/system/libsystem_product_info_filter.dylib
0x00007ff8106e8000 	/usr/lib/system/libsystem_sandbox.dylib
0x00007ff811e75000 	/usr/lib/system/libsystem_secinit.dylib
0x00007ff806c30000 	/usr/lib/system/libsystem_kernel.dylib
0x00007ff806c7f000 	/usr/lib/system/libsystem_platform.dylib
0x00007ff806c67000 	/usr/lib/system/libsystem_pthread.dylib
0x00007ff80d3b5000 	/usr/lib/system/libsystem_symptoms.dylib
0x00007ff8069d9000 	/usr/lib/system/libsystem_trace.dylib
0x00007ff811e4b000 	/usr/lib/system/libunwind.dylib
0x00007ff8069a2000 	/usr/lib/system/libxpc.dylib
0x00007ff806c1a000 	/usr/lib/libc++abi.dylib
0x00007ff806af8000 	/usr/lib/libobjc.A.dylib
0x00007ff811e56000 	/usr/lib/liboah.dylib
0x00007ff806bc1000 	/usr/lib/libc++.1.dylib
0x00007ff81dda4000 	/System/Library/Frameworks/Cocoa.framework/Versions/A/Cocoa
0x00007ff809645000 	/System/Library/Frameworks/AppKit.framework/Versions/C/AppKit
0x00007ff80cb95000 	/System/Library/Frameworks/CoreData.framework/Versions/A/CoreData
0x00007ff807a60000 	/System/Library/Frameworks/Foundation.framework/Versions/C/Foundation
0x00007ff80a4d2000 	/System/Library/PrivateFrameworks/UIFoundation.framework/Versions/A/UIFoundation
0x00007ff817d7c000 	/System/Library/PrivateFrameworks/RemoteViewServices.framework/Versions/A/RemoteViewServices
0x00007ff81007b000 	/System/Library/PrivateFrameworks/XCTTargetBootstrap.framework/Versions/A/XCTTargetBootstrap
0x00007ff813d53000 	/System/Library/PrivateFrameworks/InternationalSupport.framework/Versions/A/InternationalSupport
0x00007ff813ddd000 	/System/Library/PrivateFrameworks/UserActivity.framework/Versions/A/UserActivity
0x00007ff81313a000 	/usr/lib/libspindump.dylib
0x00007ff80a760000 	/System/Library/Frameworks/UniformTypeIdentifiers.framework/Versions/A/UniformTypeIdentifiers
0x00007ff80e7ba000 	/usr/lib/libapp_launch_measurement.dylib
0x00007ff80d56f000 	/System/Library/PrivateFrameworks/CoreAnalytics.framework/Versions/A/CoreAnalytics
0x00007ff80e7bd000 	/System/Library/PrivateFrameworks/CoreAutoLayout.framework/Versions/A/CoreAutoLayout
0x00007ff80f9dc000 	/System/Library/Frameworks/Metal.framework/Versions/A/Metal
0x00007ff8106f3000 	/usr/lib/liblangid.dylib
0x00007ff81007f000 	/System/Library/PrivateFrameworks/CoreSVG.framework/Versions/A/CoreSVG
0x00007ff80bb22000 	/System/Library/PrivateFrameworks/SkyLight.framework/Versions/A/SkyLight
0x00007ff80beb3000 	/System/Library/Frameworks/CoreGraphics.framework/Versions/A/CoreGraphics
0x00007ff8183e7000 	/System/Library/Frameworks/Accelerate.framework/Versions/A/Accelerate
0x00007ff812bb5000 	/System/Library/PrivateFrameworks/IconServices.framework/Versions/A/IconServices
0x00007ff80f9c1000 	/System/Library/Frameworks/IOSurface.framework/Versions/A/IOSurface
0x00007ff80d59d000 	/usr/lib/libDiagnosticMessagesClient.dylib
0x00007ff81ba46000 	/System/Library/Frameworks/ApplicationServices.framework/Versions/A/ApplicationServices
0x00007ff810067000 	/System/Library/PrivateFrameworks/DFRFoundation.framework/Versions/A/DFRFoundation
0x00007ff808f36000 	/usr/lib/libicucore.A.dylib
0x00007ff814a75000 	/System/Library/Frameworks/AudioToolbox.framework/Versions/A/AudioToolbox
0x00007ff813d5f000 	/System/Library/PrivateFrameworks/DataDetectorsCore.framework/Versions/A/DataDetectorsCore
0x00007ff90f4f4000 	/System/Library/PrivateFrameworks/TextInput.framework/Versions/A/TextInput
0x00007ff80baa5000 	/usr/lib/libMobileGestalt.dylib
0x00007ff80fd6f000 	/System/Library/Frameworks/Carbon.framework/Versions/A/Frameworks/HIToolbox.framework/Versions/A/HIToolbox
0x00007ff80e1e8000 	/System/Library/Frameworks/QuartzCore.framework/Versions/A/QuartzCore
0x00007ff808bd7000 	/System/Library/Frameworks/Security.framework/Versions/A/Security
0x00007ff817db4000 	/System/Library/Frameworks/Carbon.framework/Versions/A/Frameworks/SpeechRecognition.framework/Versions/A/SpeechRecognition
0x00007ff80e51a000 	/System/Library/PrivateFrameworks/CoreUI.framework/Versions/A/CoreUI
0x00007ff8084b1000 	/System/Library/Frameworks/CoreAudio.framework/Versions/A/CoreAudio
0x00007ff80d68b000 	/System/Library/Frameworks/DiskArbitration.framework/Versions/A/DiskArbitration
0x00007ff81351d000 	/System/Library/PrivateFrameworks/MultitouchSupport.framework/Versions/A/MultitouchSupport
0x00007ff80baa4000 	/usr/lib/libenergytrace.dylib
0x00007ff809531000 	/System/Library/Frameworks/IOKit.framework/Versions/A/IOKit
0x00007ff81819e000 	/System/Library/Frameworks/CoreServices.framework/Versions/A/CoreServices
0x00007ff80e754000 	/System/Library/PrivateFrameworks/PerformanceAnalysis.framework/Versions/A/PerformanceAnalysis
0x00007ffa1ef63000 	/System/Library/Frameworks/OpenGL.framework/Versions/A/OpenGL
0x00007ff8113da000 	/System/Library/PrivateFrameworks/MobileKeyBag.framework/Versions/A/MobileKeyBag
0x00007ff80c5e2000 	/System/Library/Frameworks/ColorSync.framework/Versions/A/ColorSync
0x00007ff806cb4000 	/System/Library/Frameworks/CoreFoundation.framework/Versions/A/CoreFoundation
0x00007ff8102fa000 	/System/Library/Frameworks/CoreImage.framework/Versions/A/CoreImage
0x00007ff8082c7000 	/System/Library/Frameworks/CoreText.framework/Versions/A/CoreText
0x00007ff8100ae000 	/System/Library/Frameworks/ImageIO.framework/Versions/A/ImageIO
0x00007ff811e8e000 	/System/Library/PrivateFrameworks/SoftLinking.framework/Versions/A/SoftLinking
0x00007ff80e805000 	/usr/lib/libxml2.2.dylib
0x00007ff81210e000 	/usr/lib/libcompression.dylib
0x00007ff813c89000 	/System/Library/PrivateFrameworks/TextureIO.framework/Versions/A/TextureIO
0x00007ff81282e000 	/usr/lib/libate.dylib
0x00007ff8125e7000 	/usr/lib/liblzma.5.dylib
0x00007ff807771000 	/System/Library/Frameworks/SystemConfiguration.framework/Versions/A/SystemConfiguration
0x00007ff811e8a000 	/usr/lib/libfakelink.dylib
0x00007ff80b5f8000 	/System/Library/Frameworks/CFNetwork.framework/Versions/A/CFNetwork
0x00007ff811fc9000 	/usr/lib/libarchive.2.dylib
0x00007ff8106ef000 	/System/Library/PrivateFrameworks/AppleSystemInfo.framework/Versions/A/AppleSystemInfo
0x00007ff8114d4000 	/usr/lib/libbsm.0.dylib
0x00007ff80ac2f000 	/usr/lib/libnetwork.dylib
0x00007ff811e23000 	/usr/lib/system/libkxld.dylib
0x00007ff811103000 	/System/Library/PrivateFrameworks/IOMobileFramebuffer.framework/Versions/A/IOMobileFramebuffer
0x00007ffb1c905000 	/usr/lib/libCoreEntitlements.dylib
0x00007ff811b38000 	/System/Library/PrivateFrameworks/AppleFSCompression.framework/Versions/A/AppleFSCompression
0x00007ff8114bd000 	/usr/lib/libcoretls.dylib
0x00007ff812601000 	/usr/lib/libcoretls_cfhelpers.dylib
0x00007ff812109000 	/usr/lib/libpam.2.dylib
0x00007ff80cfdb000 	/usr/lib/libsqlite3.dylib
0x00007ff812670000 	/usr/lib/libxar.1.dylib
0x00007ff811b48000 	/usr/lib/libbz2.1.0.dylib
0x00007ff811e8f000 	/usr/lib/libpcap.A.dylib
0x00007ff80d3ac000 	/usr/lib/libdns_services.dylib
0x00007ff8120db000 	/usr/lib/libapple_nghttp2.dylib
0x00007ff811ec6000 	/usr/lib/libiconv.2.dylib
0x00007ff811e1c000 	/usr/lib/libcharset.1.dylib
0x00007ff80e788000 	/System/Library/Frameworks/CoreServices.framework/Versions/A/Frameworks/FSEvents.framework/Versions/A/FSEvents
0x00007ff8091c9000 	/System/Library/Frameworks/CoreServices.framework/Versions/A/Frameworks/CarbonCore.framework/Versions/A/CarbonCore
0x00007ff80d5f0000 	/System/Library/Frameworks/CoreServices.framework/Versions/A/Frameworks/Metadata.framework/Versions/A/Metadata
0x00007ff811b5b000 	/System/Library/Frameworks/CoreServices.framework/Versions/A/Frameworks/OSServices.framework/Versions/A/OSServices
0x00007ff81204f000 	/System/Library/Frameworks/CoreServices.framework/Versions/A/Frameworks/SearchKit.framework/Versions/A/SearchKit
0x00007ff80d33e000 	/System/Library/Frameworks/CoreServices.framework/Versions/A/Frameworks/AE.framework/Versions/A/AE
0x00007ff8071b5000 	/System/Library/Frameworks/CoreServices.framework/Versions/A/Frameworks/LaunchServices.framework/Versions/A/LaunchServices
0x00007ff812598000 	/System/Library/Frameworks/CoreServices.framework/Versions/A/Frameworks/DictionaryServices.framework/Versions/A/DictionaryServices
0x00007ff80e795000 	/System/Library/Frameworks/CoreServices.framework/Versions/A/Frameworks/SharedFileList.framework/Versions/A/SharedFileList
0x00007ff8114b1000 	/usr/lib/libCheckFix.dylib
0x00007ff80bb08000 	/System/Library/PrivateFrameworks/TCC.framework/Versions/A/TCC
0x00007ff8106f5000 	/System/Library/PrivateFrameworks/CoreNLP.framework/Versions/A/CoreNLP
0x00007ff80d5a0000 	/System/Library/PrivateFrameworks/MetadataUtilities.framework/Versions/A/MetadataUtilities
0x00007ff807821000 	/usr/lib/libmecabra.dylib
0x00007ff8114e4000 	/usr/lib/libmecab.dylib
0x00007ff8077ec000 	/usr/lib/libCRFSuite.dylib
0x00007ff811541000 	/usr/lib/libgermantok.dylib
0x00007ff8120b6000 	/usr/lib/libThaiTokenizer.dylib
0x00007ff80d692000 	/System/Library/Frameworks/Accelerate.framework/Versions/A/Frameworks/vImage.framework/Versions/A/vImage
0x00007ff818175000 	/System/Library/Frameworks/Accelerate.framework/Versions/A/Frameworks/vecLib.framework/Versions/A/vecLib
0x00007ff8126b1000 	/System/Library/Frameworks/Accelerate.framework/Versions/A/Frameworks/vecLib.framework/Versions/A/libvMisc.dylib
0x00007ff810ef7000 	/System/Library/Frameworks/Accelerate.framework/Versions/A/Frameworks/vecLib.framework/Versions/A/libvDSP.dylib
0x00007ff80752d000 	/System/Library/Frameworks/Accelerate.framework/Versions/A/Frameworks/vecLib.framework/Versions/A/libBLAS.dylib
0x00007ff8121eb000 	/System/Library/Frameworks/Accelerate.framework/Versions/A/Frameworks/vecLib.framework/Versions/A/libLAPACK.dylib
0x00007ff811544000 	/System/Library/Frameworks/Accelerate.framework/Versions/A/Frameworks/vecLib.framework/Versions/A/libLinearAlgebra.dylib
0x00007ff8120f4000 	/System/Library/Frameworks/Accelerate.framework/Versions/A/Frameworks/vecLib.framework/Versions/A/libSparseBLAS.dylib
0x00007ff8121e5000 	/System/Library/Frameworks/Accelerate.framework/Versions/A/Frameworks/vecLib.framework/Versions/A/libQuadrature.dylib
0x00007ff8107df000 	/System/Library/Frameworks/Accelerate.framework/Versions/A/Frameworks/vecLib.framework/Versions/A/libBNNS.dylib
0x00007ff807702000 	/System/Library/Frameworks/Accelerate.framework/Versions/A/Frameworks/vecLib.framework/Versions/A/libSparse.dylib
0x00007ff8107d8000 	/System/Library/PrivateFrameworks/LinguisticData.framework/Versions/A/LinguisticData
0x00007ff8076b7000 	/System/Library/PrivateFrameworks/Lexicon.framework/Versions/A/Lexicon
0x00007ff8126aa000 	/usr/lib/libChineseTokenizer.dylib
0x00007ff807e1b000 	/System/Library/PrivateFrameworks/LanguageModeling.framework/Versions/A/LanguageModeling
0x00007ff8120b8000 	/System/Library/PrivateFrameworks/AppleSauce.framework/Versions/A/AppleSauce
0x00007ff8110f1000 	/System/Library/PrivateFrameworks/CoreEmoji.framework/Versions/A/CoreEmoji
0x00007ff811fb8000 	/usr/lib/libcmph.dylib
0x00007ff80e76c000 	/System/Library/Frameworks/OpenDirectory.framework/Versions/A/Frameworks/CFOpenDirectory.framework/Versions/A/CFOpenDirectory
0x00007ff80e760000 	/System/Library/Frameworks/OpenDirectory.framework/Versions/A/OpenDirectory
0x00007ff812603000 	/System/Library/PrivateFrameworks/APFS.framework/Versions/A/APFS
0x00007ff811412000 	/System/Library/Frameworks/SecurityFoundation.framework/Versions/A/SecurityFoundation
0x00007ff81267e000 	/usr/lib/libutil.dylib
0x00007ff8094f4000 	/System/Library/PrivateFrameworks/CoreServicesStore.framework/Versions/A/CoreServicesStore
0x00007ff812682000 	/usr/lib/libxslt.1.dylib
0x00007ff81149f000 	/System/Library/PrivateFrameworks/BackgroundTaskManagement.framework/Versions/A/BackgroundTaskManagement
0x00007ff813bab000 	/System/Library/Frameworks/ImageIO.framework/Versions/A/Resources/libRadiance.dylib
0x00007ff813bb4000 	/System/Library/Frameworks/ImageIO.framework/Versions/A/Resources/libJPEG.dylib
0x00007ff813b05000 	/System/Library/Frameworks/ImageIO.framework/Versions/A/Resources/libPng.dylib
0x00007ff813b26000 	/System/Library/Frameworks/ImageIO.framework/Versions/A/Resources/libTIFF.dylib
0x00007ff813c12000 	/System/Library/Frameworks/ImageIO.framework/Versions/A/Resources/libGIF.dylib
0x00007ff81343a000 	/System/Library/Frameworks/ImageIO.framework/Versions/A/Resources/libJP2.dylib
0x00007ff812b7c000 	/usr/lib/libexpat.1.dylib
0x00007ff8133ef000 	/System/Library/PrivateFrameworks/AppleJPEG.framework/Versions/A/AppleJPEG
0x00007ff80fc36000 	/System/Library/PrivateFrameworks/FontServices.framework/libFontParser.dylib
0x00007ff80d2e8000 	/System/Library/PrivateFrameworks/RunningBoardServices.framework/Versions/A/RunningBoardServices
0x00007ff81e315000 	/System/Library/PrivateFrameworks/IOSurfaceAccelerator.framework/Versions/A/IOSurfaceAccelerator
0x00007ff813519000 	/System/Library/PrivateFrameworks/WatchdogClient.framework/Versions/A/WatchdogClient
0x00007ff807f0a000 	/System/Library/Frameworks/CoreDisplay.framework/Versions/A/CoreDisplay
0x00007ff80fb36000 	/System/Library/Frameworks/CoreMedia.framework/Versions/A/CoreMedia
0x00007ff80f9d3000 	/System/Library/PrivateFrameworks/IOAccelerator.framework/Versions/A/IOAccelerator
0x00007ff80e8e8000 	/System/Library/Frameworks/CoreVideo.framework/Versions/A/CoreVideo
0x00007ff812107000 	/System/Library/Frameworks/MetalPerformanceShaders.framework/Versions/A/MetalPerformanceShaders
0x00007ff813554000 	/System/Library/Frameworks/VideoToolbox.framework/Versions/A/VideoToolbox
0x00007ff80d230000 	/System/Library/PrivateFrameworks/BaseBoard.framework/Versions/A/BaseBoard
0x00007ff80cfc1000 	/System/Library/PrivateFrameworks/ProtocolBuffer.framework/Versions/A/ProtocolBuffer
0x00007ff813ba4000 	/System/Library/PrivateFrameworks/GPUWrangler.framework/Versions/A/GPUWrangler
0x00007ff813b87000 	/System/Library/PrivateFrameworks/IOPresentment.framework/Versions/A/IOPresentment
0x00007ff813bae000 	/System/Library/PrivateFrameworks/DSExternalDisplay.framework/Versions/A/DSExternalDisplay
0x00007ffa1ef57000 	/System/Library/Frameworks/OpenGL.framework/Versions/A/Libraries/libCoreFSCache.dylib
0x00007ffb0af04000 	/System/Library/PrivateFrameworks/GPUCompiler.framework/Versions/31001/Libraries/libGPUCompilerUtils.dylib
0x00007ff813c17000 	/System/Library/PrivateFrameworks/CMCaptureCore.framework/Versions/A/CMCaptureCore
0x00007ff813128000 	/System/Library/PrivateFrameworks/AppServerSupport.framework/Versions/A/AppServerSupport
0x00007ff8152f2000 	/System/Library/PrivateFrameworks/perfdata.framework/Versions/A/perfdata
0x00007ff808036000 	/System/Library/PrivateFrameworks/AudioToolboxCore.framework/Versions/A/AudioToolboxCore
0x00007ff80fb13000 	/System/Library/PrivateFrameworks/caulk.framework/Versions/A/caulk
0x00007ff814c1f000 	/usr/lib/libAudioStatistics.dylib
0x00007ff90bdb3000 	/System/Library/PrivateFrameworks/SystemPolicy.framework/Versions/A/SystemPolicy
0x00007ff814e6b000 	/usr/lib/libSMC.dylib
0x00007ff81dc57000 	/System/Library/Frameworks/CoreMIDI.framework/Versions/A/CoreMIDI
0x00007ff813ad5000 	/usr/lib/libAudioToolboxUtility.dylib
0x00007ff90823b000 	/System/Library/PrivateFrameworks/OSAServicesClient.framework/Versions/A/OSAServicesClient
0x00007ff8152ff000 	/usr/lib/libperfcheck.dylib
0x00007ff90c83f000 	/usr/lib/libmis.dylib
0x00007ffa1efb3000 	/System/Library/Frameworks/OpenGL.framework/Versions/A/Libraries/libGLU.dylib
0x00007ffa1ef76000 	/System/Library/Frameworks/OpenGL.framework/Versions/A/Libraries/libGFXShared.dylib
0x00007ffa1f184000 	/System/Library/Frameworks/OpenGL.framework/Versions/A/Libraries/libGL.dylib
0x00007ffa1ef7f000 	/System/Library/Frameworks/OpenGL.framework/Versions/A/Libraries/libGLImage.dylib
0x00007ffa1ef73000 	/System/Library/Frameworks/OpenGL.framework/Versions/A/Libraries/libCVMSPluginSupport.dylib
0x00007ffa1ef5e000 	/System/Library/Frameworks/OpenGL.framework/Versions/A/Libraries/libCoreVMClient.dylib
0x00007ff810673000 	/System/Library/Frameworks/MetalPerformanceShaders.framework/Versions/A/Frameworks/MPSCore.framework/Versions/A/MPSCore
0x00007ff811aa3000 	/System/Library/Frameworks/MetalPerformanceShaders.framework/Versions/A/Frameworks/MPSImage.framework/Versions/A/MPSImage
0x00007ff81155a000 	/System/Library/Frameworks/MetalPerformanceShaders.framework/Versions/A/Frameworks/MPSNeuralNetwork.framework/Versions/A/MPSNeuralNetwork
0x00007ff8119cf000 	/System/Library/Frameworks/MetalPerformanceShaders.framework/Versions/A/Frameworks/MPSMatrix.framework/Versions/A/MPSMatrix
0x00007ff81178b000 	/System/Library/Frameworks/MetalPerformanceShaders.framework/Versions/A/Frameworks/MPSRayIntersector.framework/Versions/A/MPSRayIntersector
0x00007ff811a08000 	/System/Library/Frameworks/MetalPerformanceShaders.framework/Versions/A/Frameworks/MPSNDArray.framework/Versions/A/MPSNDArray
0x00007ffa23b5c000 	/System/Library/Frameworks/MetalPerformanceShaders.framework/Versions/A/Frameworks/MPSFunctions.framework/Versions/A/MPSFunctions
0x00007ff807410000 	/System/Library/PrivateFrameworks/MetalTools.framework/Versions/A/MetalTools
0x00007ff8106ed000 	/System/Library/PrivateFrameworks/AggregateDictionary.framework/Versions/A/AggregateDictionary
0x00007ff81295e000 	/usr/lib/libIOReport.dylib
0x00007ffa20593000 	/System/Library/Frameworks/OpenCL.framework/Versions/A/OpenCL
0x00007ff812cc2000 	/System/Library/PrivateFrameworks/FaceCore.framework/Versions/A/FaceCore
0x00007ff812cb3000 	/System/Library/PrivateFrameworks/GraphVisualizer.framework/Versions/A/GraphVisualizer
0x00007ffb0ae0f000 	/System/Library/PrivateFrameworks/FontServices.framework/Versions/A/FontServices
0x00007ff8130df000 	/System/Library/PrivateFrameworks/OTSVG.framework/Versions/A/OTSVG
0x00007ff80e4d0000 	/System/Library/Frameworks/ApplicationServices.framework/Versions/A/Frameworks/ATS.framework/Versions/A/Resources/libFontRegistry.dylib
0x00007ff813130000 	/System/Library/PrivateFrameworks/FontServices.framework/libhvf.dylib
0x00007ffb0ae10000 	/System/Library/PrivateFrameworks/FontServices.framework/libXTFontStaticRegistryData.dylib
0x00007ff812b2c000 	/System/Library/PrivateFrameworks/AppleVA.framework/Versions/A/AppleVA
0x00007ff814c3f000 	/System/Library/Frameworks/ApplicationServices.framework/Versions/A/Frameworks/ATS.framework/Versions/A/ATS
0x00007ff80c6de000 	/System/Library/Frameworks/ApplicationServices.framework/Versions/A/Frameworks/HIServices.framework/Versions/A/HIServices
0x00007ff813c21000 	/System/Library/Frameworks/ApplicationServices.framework/Versions/A/Frameworks/PrintCore.framework/Versions/A/PrintCore
0x00007ff814fbe000 	/System/Library/Frameworks/ApplicationServices.framework/Versions/A/Frameworks/QD.framework/Versions/A/QD
0x00007ff814fb6000 	/System/Library/Frameworks/ApplicationServices.framework/Versions/A/Frameworks/ColorSyncLegacy.framework/Versions/A/ColorSyncLegacy
0x00007ff814c2f000 	/System/Library/Frameworks/ApplicationServices.framework/Versions/A/Frameworks/SpeechSynthesis.framework/Versions/A/SpeechSynthesis
0x00007ff813be2000 	/System/Library/Frameworks/ApplicationServices.framework/Versions/A/Frameworks/ATSUI.framework/Versions/A/ATSUI
0x00007ff814f4b000 	/usr/lib/libcups.2.dylib
0x00007ff81530e000 	/System/Library/Frameworks/Kerberos.framework/Versions/A/Kerberos
0x00007ff81531d000 	/System/Library/Frameworks/GSS.framework/Versions/A/GSS
0x00007ff814cab000 	/usr/lib/libresolv.9.dylib
0x00007ff81313f000 	/System/Library/PrivateFrameworks/Heimdal.framework/Versions/A/Heimdal
0x00007ff81bdc1000 	/System/Library/Frameworks/Kerberos.framework/Versions/A/Libraries/libHeimdalProxy.dylib
0x00007ff80d3bd000 	/System/Library/Frameworks/Network.framework/Versions/A/Network
0x00007ff812b96000 	/usr/lib/libheimdal-asn1.dylib
0x00007ff815368000 	/System/Library/PrivateFrameworks/CommonAuth.framework/Versions/A/CommonAuth
0x00007ff814bb0000 	/System/Library/PrivateFrameworks/AudioSession.framework/Versions/A/AudioSession
0x00007ff812c26000 	/System/Library/PrivateFrameworks/MediaExperience.framework/Versions/A/MediaExperience
0x00007ff814a44000 	/System/Library/PrivateFrameworks/AudioSession.framework/libSessionUtility.dylib
0x00007ff814fca000 	/System/Library/PrivateFrameworks/AudioResourceArbitration.framework/Versions/A/AudioResourceArbitration
0x00007ff812b9f000 	/System/Library/PrivateFrameworks/IconFoundation.framework/Versions/A/IconFoundation
0x00007ff817da4000 	/System/Library/PrivateFrameworks/SpeechRecognitionCore.framework/Versions/A/SpeechRecognitionCore
0x000000010d86a000 	/Users/anlcan/Library/Java/JavaVirtualMachines/openjdk-17.0.1/Contents/Home/lib/server/libjvm.dylib
0x000000010c876000 	/Users/anlcan/Library/Java/JavaVirtualMachines/openjdk-17.0.1/Contents/Home/lib/libjimage.dylib
0x000000010c8a8000 	/Users/anlcan/Library/Java/JavaVirtualMachines/openjdk-17.0.1/Contents/Home/lib/libinstrument.dylib
0x000000010c8fe000 	/Users/anlcan/Library/Java/JavaVirtualMachines/openjdk-17.0.1/Contents/Home/lib/libjava.dylib
0x000000010c9f9000 	/private/var/folders/kj/x9h96n0s5v1fj28ttx945v840000gq/T/libasyncProfiler.so
0x000000010d813000 	/Users/anlcan/Library/Java/JavaVirtualMachines/openjdk-17.0.1/Contents/Home/lib/libzip.dylib
0x0000000131fa2000 	/Users/anlcan/Library/Java/JavaVirtualMachines/openjdk-17.0.1/Contents/Home/lib/libnio.dylib
0x0000000134445000 	/Users/anlcan/Library/Java/JavaVirtualMachines/openjdk-17.0.1/Contents/Home/lib/libnet.dylib
0x0000000131fe8000 	/Users/anlcan/Library/Java/JavaVirtualMachines/openjdk-17.0.1/Contents/Home/lib/libextnet.dylib


VM Arguments:
jvm_args: -ea -Didea.test.cyclic.buffer.size=1048576 -javaagent:/Applications/IntelliJ IDEA.app/Contents/lib/idea_rt.jar=60117:/Applications/IntelliJ IDEA.app/Contents/bin -agentpath:/private/var/folders/kj/x9h96n0s5v1fj28ttx945v840000gq/T/libasyncProfiler.so=start,jfr,event=cpu,interval=1ms,event=alloc,file=/Users/anlcan/DaySix_testSample_2022_01_08_173339.jfr -Dfile.encoding=UTF-8 
java_command: com.intellij.rt.junit.JUnitStarter -ideVersion5 -junit5 com.acb.advent2021.DaySix,testSample
java_class_path (initial): /Users/anlcan/.m2/repository/org/junit/platform/junit-platform-launcher/1.8.1/junit-platform-launcher-1.8.1.jar:/Applications/IntelliJ IDEA.app/Contents/lib/idea_rt.jar:/Applications/IntelliJ IDEA.app/Contents/plugins/junit/lib/junit5-rt.jar:/Applications/IntelliJ IDEA.app/Contents/plugins/junit/lib/junit-rt.jar:/Users/anlcan/projects/anlcan/advent_of_code2022/target/test-classes:/Users/anlcan/projects/anlcan/advent_of_code2022/target/classes:/Users/anlcan/.m2/repository/org/springframework/boot/spring-boot-starter/2.6.1/spring-boot-starter-2.6.1.jar:/Users/anlcan/.m2/repository/org/springframework/boot/spring-boot/2.6.1/spring-boot-2.6.1.jar:/Users/anlcan/.m2/repository/org/springframework/spring-context/5.3.13/spring-context-5.3.13.jar:/Users/anlcan/.m2/repository/org/springframework/spring-aop/5.3.13/spring-aop-5.3.13.jar:/Users/anlcan/.m2/repository/org/springframework/spring-beans/5.3.13/spring-beans-5.3.13.jar:/Users/anlcan/.m2/repository/org/springframework/spring-expression/5.3.13/spring-expression-5.3.13.jar:/Users/anlcan/.m2/repository/org/springframework/boot/spring-boot-autoconfigure/2.6.1/spring-boot-autoconfigure-2.6.1.jar:/Users/anlcan/.m2/repository/org/springframework/boot/spring-boot-starter-logging/2.6.1/spring-boot-starter-logging-2.6.1.jar:/Users/anlcan/.m2/repository/ch/qos/logback/logback-classic/1.2.7/logback-classic-1.2.7.jar:/Users/anlcan/.m2/repository/ch/qos/logback/logback-core/1.2.7/logback-core-1.2.7.jar:/Users/anlcan/.m2/repository/org/apache/logging/log4j/log4j-to-slf4j/2.14.1/log4j-to-slf4j-2.14.1.jar:/Users/anlcan/.m2/repository/org/apache/logging/log4j/log4j-api/2.14.1/log4j-api-2.14.1.jar:/Users/anlcan/.m2/repository/org/slf4j/jul-to-slf4j/1.7.32/jul-to-slf4j-1.7.32.jar:/Users/anlcan/.m2/repository/jakarta/annotation/jakarta.annotation-api/1.3.5/jakarta.annotation-api-1.3.5.jar:/Users/anlcan/.m2/repository/org/springframework/spring-core/5.3.13/spring-core-5.3.13.jar:/Users/anlcan/.m2/repository/org/s
Launcher Type: SUN_STANDARD

[Global flags]
     intx CICompilerCount                          = 4                                         {product} {ergonomic}
     uint ConcGCThreads                            = 2                                         {product} {ergonomic}
     uint G1ConcRefinementThreads                  = 8                                         {product} {ergonomic}
   size_t G1HeapRegionSize                         = 2097152                                   {product} {ergonomic}
    uintx GCDrainStackTargetSize                   = 64                                        {product} {ergonomic}
   size_t InitialHeapSize                          = 268435456                                 {product} {ergonomic}
   size_t MarkStackSize                            = 4194304                                   {product} {ergonomic}
   size_t MaxHeapSize                              = 4294967296                                {product} {ergonomic}
   size_t MaxNewSize                               = 2575302656                                {product} {ergonomic}
   size_t MinHeapDeltaBytes                        = 2097152                                   {product} {ergonomic}
   size_t MinHeapSize                              = 8388608                                   {product} {ergonomic}
    uintx NonNMethodCodeHeapSize                   = 5839372                                {pd product} {ergonomic}
    uintx NonProfiledCodeHeapSize                  = 122909434                              {pd product} {ergonomic}
    uintx ProfiledCodeHeapSize                     = 122909434                              {pd product} {ergonomic}
    uintx ReservedCodeCacheSize                    = 251658240                              {pd product} {ergonomic}
     bool SegmentedCodeCache                       = true                                      {product} {ergonomic}
   size_t SoftMaxHeapSize                          = 4294967296                             {manageable} {ergonomic}
     bool UseCompressedClassPointers               = true                           {product lp64_product} {ergonomic}
     bool UseCompressedOops                        = true                           {product lp64_product} {ergonomic}
     bool UseG1GC                                  = true                                      {product} {ergonomic}
     bool UseNUMA                                  = false                                     {product} {ergonomic}
     bool UseNUMAInterleaving                      = false                                     {product} {ergonomic}

Logging:
Log output configuration:
 #0: stdout all=warning,jni+resolve=error uptime,level,tags (reconfigured)
 #1: stderr all=off uptime,level,tags

Environment Variables:
PATH=/Users/anlcan/google-cloud-sdk/bin:/usr/local/bin:/usr/bin:/bin:/usr/sbin:/sbin:/usr/local/go/bin:/usr/local/share/dotnet:~/.dotnet/tools:/Library/Apple/usr/bin
SHELL=/bin/zsh
LC_CTYPE=

Signal Handlers:
   SIGSEGV: _ZL13crash_handleriP9__siginfoPv in libjvm.dylib, mask=11100110100111111111111111111111, flags=SA_RESTART|SA_SIGINFO
    SIGBUS: _ZL13crash_handleriP9__siginfoPv in libjvm.dylib, mask=11100110100111111111111111111111, flags=SA_RESTART|SA_SIGINFO
    SIGFPE: _ZL13crash_handleriP9__siginfoPv in libjvm.dylib, mask=11100110100111111111111111111111, flags=SA_RESTART|SA_SIGINFO
   SIGPIPE: _ZL17javaSignalHandleriP9__siginfoPv in libjvm.dylib, mask=11100110100111111111111111111111, flags=SA_RESTART|SA_SIGINFO
   SIGXFSZ: _ZL17javaSignalHandleriP9__siginfoPv in libjvm.dylib, mask=11100110100111111111111111111111, flags=SA_RESTART|SA_SIGINFO
    SIGILL: _ZL13crash_handleriP9__siginfoPv in libjvm.dylib, mask=11100110100111111111111111111111, flags=SA_RESTART|SA_SIGINFO
   SIGUSR2: _ZL10SR_handleriP9__siginfoP17__darwin_ucontext in libjvm.dylib, mask=00100000000000000000000000000000, flags=SA_RESTART|SA_SIGINFO
    SIGHUP: _ZL11UserHandleriPvS_ in libjvm.dylib, mask=11100110100111111111111111111111, flags=SA_RESTART|SA_SIGINFO
    SIGINT: _ZL11UserHandleriPvS_ in libjvm.dylib, mask=11100110100111111111111111111111, flags=SA_RESTART|SA_SIGINFO
   SIGTERM: _ZL11UserHandleriPvS_ in libjvm.dylib, mask=11100110100111111111111111111111, flags=SA_RESTART|SA_SIGINFO
   SIGQUIT: _ZL11UserHandleriPvS_ in libjvm.dylib, mask=11100110100111111111111111111111, flags=SA_RESTART|SA_SIGINFO
   SIGTRAP: _ZL13crash_handleriP9__siginfoPv in libjvm.dylib, mask=11100110100111111111111111111111, flags=SA_RESTART|SA_SIGINFO


---------------  S Y S T E M  ---------------

OS:
uname: Darwin 21.1.0 Darwin Kernel Version 21.1.0: Wed Oct 13 17:33:24 PDT 2021; root:xnu-8019.41.5~1/RELEASE_ARM64_T8101 x86_64
OS uptime: 30 days 1:27 hours
rlimit (soft/hard): STACK 8176k/65520k , CORE 0k/infinity , NPROC 2666/4000 , NOFILE 10240/infinity , AS infinity/infinity , CPU infinity/infinity , DATA infinity/infinity , FSIZE infinity/infinity , MEMLOCK infinity/infinity , RSS infinity/infinity
load average: 3.88 4.69 4.47

CPU: (EMULATED) total 8 (initial active 8) (1 cores per cpu, 1 threads per core) family 6 model 44 stepping 0 microcode 0x0, cx8, cmov, fxsr, mmx, sse, sse2, sse3, ssse3, sse4.1, sse4.2, popcnt, tsc, tscinvbit, aes, clmul, clflush

Memory: 4k page, physical 16777216k(43388k free), swap 7340032k(924160k free)

vm_info: OpenJDK 64-Bit Server VM (17.0.1+12-39) for bsd-amd64 JRE (17.0.1+12-39), built on Sep 27 2021 17:37:19 by "mach5one" with clang Apple LLVM 12.0.0 (clang-1200.0.32.29)

END.
